!!!!!!!!!!!!!! total money: 30671640
!!!!!!!!!!!!!! zhuang times: 1416
!!!!!!!!!!!!!! xian times: 1308
!!!!!!!!!!!!!! earned money: 671640

!!!!!!!!!!!!!! total money: 30780990
!!!!!!!!!!!!!! zhuang times: 1414
!!!!!!!!!!!!!! xian times: 1295
!!!!!!!!!!!!!! earned money: 780990

!!!!!!!!!!!!!! total money: 30323720
!!!!!!!!!!!!!! zhuang times: 1387
!!!!!!!!!!!!!! xian times: 1315
!!!!!!!!!!!!!! earned money: 323720

!!!!!!!!!!!!!! total money: 29803750
!!!!!!!!!!!!!! zhuang times: 1372
!!!!!!!!!!!!!! xian times: 1353
!!!!!!!!!!!!!! earned money: -196250

!!!!!!!!!!!!!! total money: 29573670
!!!!!!!!!!!!!! zhuang times: 1346
!!!!!!!!!!!!!! xian times: 1351
!!!!!!!!!!!!!! earned money: -426330

!!!!!!!!!!!!!! total money: 30762330
!!!!!!!!!!!!!! zhuang times: 1410
!!!!!!!!!!!!!! xian times: 1293
!!!!!!!!!!!!!! earned money: 762330

!!!!!!!!!!!!!! total money: 30537660
!!!!!!!!!!!!!! zhuang times: 1400
!!!!!!!!!!!!!! xian times: 1306
!!!!!!!!!!!!!! earned money: 537660

!!!!!!!!!!!!!! total money: 30859550
!!!!!!!!!!!!!! zhuang times: 1416
!!!!!!!!!!!!!! xian times: 1289
!!!!!!!!!!!!!! earned money: 859550

!!!!!!!!!!!!!! total money: 29190200
!!!!!!!!!!!!!! zhuang times: 1338
!!!!!!!!!!!!!! xian times: 1382
!!!!!!!!!!!!!! earned money: -809800

!!!!!!!!!!!!!! total money: 29913940
!!!!!!!!!!!!!! zhuang times: 1367
!!!!!!!!!!!!!! xian times: 1337
!!!!!!!!!!!!!! earned money: -86060

!!!!!!!!!!!!!! total money: 30468150
!!!!!!!!!!!!!! zhuang times: 1401
!!!!!!!!!!!!!! xian times: 1314
!!!!!!!!!!!!!! earned money: 468150

!!!!!!!!!!!!!! total money: 30007520
!!!!!!!!!!!!!! zhuang times: 1386
!!!!!!!!!!!!!! xian times: 1346
!!!!!!!!!!!!!! earned money: 7520

!!!!!!!!!!!!!! total money: 30709520
!!!!!!!!!!!!!! zhuang times: 1422
!!!!!!!!!!!!!! xian times: 1310
!!!!!!!!!!!!!! earned money: 709520

!!!!!!!!!!!!!! total money: 30490170
!!!!!!!!!!!!!! zhuang times: 1393
!!!!!!!!!!!!!! xian times: 1304
!!!!!!!!!!!!!! earned money: 490170

!!!!!!!!!!!!!! total money: 30729580
!!!!!!!!!!!!!! zhuang times: 1421
!!!!!!!!!!!!!! xian times: 1307
!!!!!!!!!!!!!! earned money: 729580

!!!!!!!!!!!!!! total money: 30219220
!!!!!!!!!!!!!! zhuang times: 1407
!!!!!!!!!!!!!! xian times: 1345
!!!!!!!!!!!!!! earned money: 219220

!!!!!!!!!!!!!! total money: 31279220
!!!!!!!!!!!!!! zhuang times: 1436
!!!!!!!!!!!!!! xian times: 1266
!!!!!!!!!!!!!! earned money: 1279220

!!!!!!!!!!!!!! total money: 30161190
!!!!!!!!!!!!!! zhuang times: 1367
!!!!!!!!!!!!!! xian times: 1312
!!!!!!!!!!!!!! earned money: 161190

!!!!!!!!!!!!!! total money: 30177610
!!!!!!!!!!!!!! zhuang times: 1379
!!!!!!!!!!!!!! xian times: 1322
!!!!!!!!!!!!!! earned money: 177610

!!!!!!!!!!!!!! total money: 29959470
!!!!!!!!!!!!!! zhuang times: 1381
!!!!!!!!!!!!!! xian times: 1346
!!!!!!!!!!!!!! earned money: -40530

!!!!!!!!!!!!!! total money: 30181250
!!!!!!!!!!!!!! zhuang times: 1366
!!!!!!!!!!!!!! xian times: 1309
!!!!!!!!!!!!!! earned money: 181250

!!!!!!!!!!!!!! total money: 29397890
!!!!!!!!!!!!!! zhuang times: 1338
!!!!!!!!!!!!!! xian times: 1361
!!!!!!!!!!!!!! earned money: -602110

!!!!!!!!!!!!!! total money: 29563780
!!!!!!!!!!!!!! zhuang times: 1346
!!!!!!!!!!!!!! xian times: 1352
!!!!!!!!!!!!!! earned money: -436220

!!!!!!!!!!!!!! total money: 30125920
!!!!!!!!!!!!!! zhuang times: 1387
!!!!!!!!!!!!!! xian times: 1335
!!!!!!!!!!!!!! earned money: 125920

!!!!!!!!!!!!!! total money: 30576940
!!!!!!!!!!!!!! zhuang times: 1401
!!!!!!!!!!!!!! xian times: 1303
!!!!!!!!!!!!!! earned money: 576940

!!!!!!!!!!!!!! total money: 29800950
!!!!!!!!!!!!!! zhuang times: 1382
!!!!!!!!!!!!!! xian times: 1363
!!!!!!!!!!!!!! earned money: -199050

!!!!!!!!!!!!!! total money: 30738350
!!!!!!!!!!!!!! zhuang times: 1425
!!!!!!!!!!!!!! xian times: 1310
!!!!!!!!!!!!!! earned money: 738350

!!!!!!!!!!!!!! total money: 30661190
!!!!!!!!!!!!!! zhuang times: 1418
!!!!!!!!!!!!!! xian times: 1311
!!!!!!!!!!!!!! earned money: 661190

!!!!!!!!!!!!!! total money: 30711480
!!!!!!!!!!!!!! zhuang times: 1415
!!!!!!!!!!!!!! xian times: 1303
!!!!!!!!!!!!!! earned money: 711480

!!!!!!!!!!!!!! total money: 30124240
!!!!!!!!!!!!!! zhuang times: 1393
!!!!!!!!!!!!!! xian times: 1341
!!!!!!!!!!!!!! earned money: 124240

!!!!!!!!!!!!!! total money: 30985320
!!!!!!!!!!!!!! zhuang times: 1426
!!!!!!!!!!!!!! xian times: 1286
!!!!!!!!!!!!!! earned money: 985320

!!!!!!!!!!!!!! total money: 30159230
!!!!!!!!!!!!!! zhuang times: 1374
!!!!!!!!!!!!!! xian times: 1319
!!!!!!!!!!!!!! earned money: 159230

!!!!!!!!!!!!!! total money: 29656240
!!!!!!!!!!!!!! zhuang times: 1369
!!!!!!!!!!!!!! xian times: 1365
!!!!!!!!!!!!!! earned money: -343760

!!!!!!!!!!!!!! total money: 30496140
!!!!!!!!!!!!!! zhuang times: 1407
!!!!!!!!!!!!!! xian times: 1317
!!!!!!!!!!!!!! earned money: 496140

!!!!!!!!!!!!!! total money: 29782570
!!!!!!!!!!!!!! zhuang times: 1377
!!!!!!!!!!!!!! xian times: 1360
!!!!!!!!!!!!!! earned money: -217430

!!!!!!!!!!!!!! total money: 29594850
!!!!!!!!!!!!!! zhuang times: 1341
!!!!!!!!!!!!!! xian times: 1344
!!!!!!!!!!!!!! earned money: -405150

!!!!!!!!!!!!!! total money: 29977570
!!!!!!!!!!!!!! zhuang times: 1387
!!!!!!!!!!!!!! xian times: 1350
!!!!!!!!!!!!!! earned money: -22430

!!!!!!!!!!!!!! total money: 29905450
!!!!!!!!!!!!!! zhuang times: 1362
!!!!!!!!!!!!!! xian times: 1333
!!!!!!!!!!!!!! earned money: -94550

!!!!!!!!!!!!!! total money: 30353670
!!!!!!!!!!!!!! zhuang times: 1386
!!!!!!!!!!!!!! xian times: 1311
!!!!!!!!!!!!!! earned money: 353670

!!!!!!!!!!!!!! total money: 30590000
!!!!!!!!!!!!!! zhuang times: 1425
!!!!!!!!!!!!!! xian times: 1325
!!!!!!!!!!!!!! earned money: 590000

!!!!!!!!!!!!!! total money: 29680500
!!!!!!!!!!!!!! zhuang times: 1353
!!!!!!!!!!!!!! xian times: 1347
!!!!!!!!!!!!!! earned money: -319500

!!!!!!!!!!!!!! total money: 30292090
!!!!!!!!!!!!!! zhuang times: 1394
!!!!!!!!!!!!!! xian times: 1325
!!!!!!!!!!!!!! earned money: 292090

!!!!!!!!!!!!!! total money: 30105300
!!!!!!!!!!!!!! zhuang times: 1390
!!!!!!!!!!!!!! xian times: 1340
!!!!!!!!!!!!!! earned money: 105300

!!!!!!!!!!!!!! total money: 30293490
!!!!!!!!!!!!!! zhuang times: 1389
!!!!!!!!!!!!!! xian times: 1320
!!!!!!!!!!!!!! earned money: 293490

!!!!!!!!!!!!!! total money: 28703820
!!!!!!!!!!!!!! zhuang times: 1309
!!!!!!!!!!!!!! xian times: 1403
!!!!!!!!!!!!!! earned money: -1296180

!!!!!!!!!!!!!! total money: 31101480
!!!!!!!!!!!!!! zhuang times: 1435
!!!!!!!!!!!!!! xian times: 1283
!!!!!!!!!!!!!! earned money: 1101480

!!!!!!!!!!!!!! total money: 30261580
!!!!!!!!!!!!!! zhuang times: 1397
!!!!!!!!!!!!!! xian times: 1331
!!!!!!!!!!!!!! earned money: 261580

!!!!!!!!!!!!!! total money: 29763350
!!!!!!!!!!!!!! zhuang times: 1375
!!!!!!!!!!!!!! xian times: 1360
!!!!!!!!!!!!!! earned money: -236650

!!!!!!!!!!!!!! total money: 30333610
!!!!!!!!!!!!!! zhuang times: 1387
!!!!!!!!!!!!!! xian times: 1314
!!!!!!!!!!!!!! earned money: 333610

!!!!!!!!!!!!!! total money: 29822130
!!!!!!!!!!!!!! zhuang times: 1377
!!!!!!!!!!!!!! xian times: 1356
!!!!!!!!!!!!!! earned money: -177870

!!!!!!!!!!!!!! total money: 30280800
!!!!!!!!!!!!!! zhuang times: 1399
!!!!!!!!!!!!!! xian times: 1331
!!!!!!!!!!!!!! earned money: 280800

!!!!!!!!!!!!!! total money: 29526740
!!!!!!!!!!!!!! zhuang times: 1337
!!!!!!!!!!!!!! xian times: 1347
!!!!!!!!!!!!!! earned money: -473260

!!!!!!!!!!!!!! total money: 30526930
!!!!!!!!!!!!!! zhuang times: 1403
!!!!!!!!!!!!!! xian times: 1310
!!!!!!!!!!!!!! earned money: 526930

!!!!!!!!!!!!!! total money: 30333610
!!!!!!!!!!!!!! zhuang times: 1387
!!!!!!!!!!!!!! xian times: 1314
!!!!!!!!!!!!!! earned money: 333610

!!!!!!!!!!!!!! total money: 30741150
!!!!!!!!!!!!!! zhuang times: 1415
!!!!!!!!!!!!!! xian times: 1300
!!!!!!!!!!!!!! earned money: 741150

!!!!!!!!!!!!!! total money: 29864490
!!!!!!!!!!!!!! zhuang times: 1367
!!!!!!!!!!!!!! xian times: 1342
!!!!!!!!!!!!!! earned money: -135510

!!!!!!!!!!!!!! total money: 29991100
!!!!!!!!!!!!!! zhuang times: 1374
!!!!!!!!!!!!!! xian times: 1336
!!!!!!!!!!!!!! earned money: -8900

!!!!!!!!!!!!!! total money: 30637960
!!!!!!!!!!!!!! zhuang times: 1395
!!!!!!!!!!!!!! xian times: 1291
!!!!!!!!!!!!!! earned money: 637960

!!!!!!!!!!!!!! total money: 29804870
!!!!!!!!!!!!!! zhuang times: 1368
!!!!!!!!!!!!!! xian times: 1349
!!!!!!!!!!!!!! earned money: -195130

!!!!!!!!!!!!!! total money: 30489610
!!!!!!!!!!!!!! zhuang times: 1395
!!!!!!!!!!!!!! xian times: 1306
!!!!!!!!!!!!!! earned money: 489610

!!!!!!!!!!!!!! total money: 29740400
!!!!!!!!!!!!!! zhuang times: 1351
!!!!!!!!!!!!!! xian times: 1339
!!!!!!!!!!!!!! earned money: -259600

!!!!!!!!!!!!!! total money: 30090560
!!!!!!!!!!!!!! zhuang times: 1372
!!!!!!!!!!!!!! xian times: 1324
!!!!!!!!!!!!!! earned money: 90560

!!!!!!!!!!!!!! total money: 30157270
!!!!!!!!!!!!!! zhuang times: 1381
!!!!!!!!!!!!!! xian times: 1326
!!!!!!!!!!!!!! earned money: 157270

!!!!!!!!!!!!!! total money: 30127600
!!!!!!!!!!!!!! zhuang times: 1381
!!!!!!!!!!!!!! xian times: 1329
!!!!!!!!!!!!!! earned money: 127600

!!!!!!!!!!!!!! total money: 29632170
!!!!!!!!!!!!!! zhuang times: 1349
!!!!!!!!!!!!!! xian times: 1348
!!!!!!!!!!!!!! earned money: -367830

!!!!!!!!!!!!!! total money: 29973560
!!!!!!!!!!!!!! zhuang times: 1366
!!!!!!!!!!!!!! xian times: 1330
!!!!!!!!!!!!!! earned money: -26440

!!!!!!!!!!!!!! total money: 30973470
!!!!!!!!!!!!!! zhuang times: 1433
!!!!!!!!!!!!!! xian times: 1294
!!!!!!!!!!!!!! earned money: 973470

!!!!!!!!!!!!!! total money: 30195990
!!!!!!!!!!!!!! zhuang times: 1384
!!!!!!!!!!!!!! xian times: 1325
!!!!!!!!!!!!!! earned money: 195990

!!!!!!!!!!!!!! total money: 29447340
!!!!!!!!!!!!!! zhuang times: 1338
!!!!!!!!!!!!!! xian times: 1356
!!!!!!!!!!!!!! earned money: -552660

!!!!!!!!!!!!!! total money: 30788360
!!!!!!!!!!!!!! zhuang times: 1423
!!!!!!!!!!!!!! xian times: 1303
!!!!!!!!!!!!!! earned money: 788360

!!!!!!!!!!!!!! total money: 30127040
!!!!!!!!!!!!!! zhuang times: 1383
!!!!!!!!!!!!!! xian times: 1331
!!!!!!!!!!!!!! earned money: 127040

!!!!!!!!!!!!!! total money: 29915900
!!!!!!!!!!!!!! zhuang times: 1360
!!!!!!!!!!!!!! xian times: 1330
!!!!!!!!!!!!!! earned money: -84100

!!!!!!!!!!!!!! total money: 30429710
!!!!!!!!!!!!!! zhuang times: 1397
!!!!!!!!!!!!!! xian times: 1314
!!!!!!!!!!!!!! earned money: 429710

!!!!!!!!!!!!!! total money: 30333050
!!!!!!!!!!!!!! zhuang times: 1389
!!!!!!!!!!!!!! xian times: 1316
!!!!!!!!!!!!!! earned money: 333050

!!!!!!!!!!!!!! total money: 29790780
!!!!!!!!!!!!!! zhuang times: 1383
!!!!!!!!!!!!!! xian times: 1365
!!!!!!!!!!!!!! earned money: -209220

!!!!!!!!!!!!!! total money: 29737320
!!!!!!!!!!!!!! zhuang times: 1362
!!!!!!!!!!!!!! xian times: 1350
!!!!!!!!!!!!!! earned money: -262680

!!!!!!!!!!!!!! total money: 29689830
!!!!!!!!!!!!!! zhuang times: 1355
!!!!!!!!!!!!!! xian times: 1348
!!!!!!!!!!!!!! earned money: -310170

!!!!!!!!!!!!!! total money: 30234430
!!!!!!!!!!!!!! zhuang times: 1388
!!!!!!!!!!!!!! xian times: 1325
!!!!!!!!!!!!!! earned money: 234430

!!!!!!!!!!!!!! total money: 29603060
!!!!!!!!!!!!!! zhuang times: 1347
!!!!!!!!!!!!!! xian times: 1349
!!!!!!!!!!!!!! earned money: -396940

!!!!!!!!!!!!!! total money: 30392670
!!!!!!!!!!!!!! zhuang times: 1388
!!!!!!!!!!!!!! xian times: 1309
!!!!!!!!!!!!!! earned money: 392670

!!!!!!!!!!!!!! total money: 29949020
!!!!!!!!!!!!!! zhuang times: 1383
!!!!!!!!!!!!!! xian times: 1349
!!!!!!!!!!!!!! earned money: -50980

!!!!!!!!!!!!!! total money: 30812340
!!!!!!!!!!!!!! zhuang times: 1408
!!!!!!!!!!!!!! xian times: 1286
!!!!!!!!!!!!!! earned money: 812340

!!!!!!!!!!!!!! total money: 30275110
!!!!!!!!!!!!!! zhuang times: 1384
!!!!!!!!!!!!!! xian times: 1317
!!!!!!!!!!!!!! earned money: 275110

!!!!!!!!!!!!!! total money: 30776510
!!!!!!!!!!!!!! zhuang times: 1430
!!!!!!!!!!!!!! xian times: 1311
!!!!!!!!!!!!!! earned money: 776510

!!!!!!!!!!!!!! total money: 29386040
!!!!!!!!!!!!!! zhuang times: 1345
!!!!!!!!!!!!!! xian times: 1369
!!!!!!!!!!!!!! earned money: -613960

!!!!!!!!!!!!!! total money: 30402000
!!!!!!!!!!!!!! zhuang times: 1390
!!!!!!!!!!!!!! xian times: 1310
!!!!!!!!!!!!!! earned money: 402000

!!!!!!!!!!!!!! total money: 30145980
!!!!!!!!!!!!!! zhuang times: 1386
!!!!!!!!!!!!!! xian times: 1332
!!!!!!!!!!!!!! earned money: 145980

!!!!!!!!!!!!!! total money: 30255050
!!!!!!!!!!!!!! zhuang times: 1385
!!!!!!!!!!!!!! xian times: 1320
!!!!!!!!!!!!!! earned money: 255050

!!!!!!!!!!!!!! total money: 29213060
!!!!!!!!!!!!!! zhuang times: 1327
!!!!!!!!!!!!!! xian times: 1369
!!!!!!!!!!!!!! earned money: -786940

!!!!!!!!!!!!!! total money: 30047640
!!!!!!!!!!!!!! zhuang times: 1384
!!!!!!!!!!!!!! xian times: 1340
!!!!!!!!!!!!!! earned money: 47640

!!!!!!!!!!!!!! total money: 30285560
!!!!!!!!!!!!!! zhuang times: 1382
!!!!!!!!!!!!!! xian times: 1314
!!!!!!!!!!!!!! earned money: 285560

!!!!!!!!!!!!!! total money: 29227520
!!!!!!!!!!!!!! zhuang times: 1346
!!!!!!!!!!!!!! xian times: 1386
!!!!!!!!!!!!!! earned money: -772480

!!!!!!!!!!!!!! total money: 29795260
!!!!!!!!!!!!!! zhuang times: 1367
!!!!!!!!!!!!!! xian times: 1349
!!!!!!!!!!!!!! earned money: -204740

!!!!!!!!!!!!!! total money: 29622000
!!!!!!!!!!!!!! zhuang times: 1350
!!!!!!!!!!!!!! xian times: 1350
!!!!!!!!!!!!!! earned money: -378000

!!!!!!!!!!!!!! total money: 29832020
!!!!!!!!!!!!!! zhuang times: 1377
!!!!!!!!!!!!!! xian times: 1355
!!!!!!!!!!!!!! earned money: -167980

!!!!!!!!!!!!!! total money: 30059770
!!!!!!!!!!!!!! zhuang times: 1376
!!!!!!!!!!!!!! xian times: 1331
!!!!!!!!!!!!!! earned money: 59770

!!!!!!!!!!!!!! total money: 29081970
!!!!!!!!!!!!!! zhuang times: 1336
!!!!!!!!!!!!!! xian times: 1391
!!!!!!!!!!!!!! earned money: -918030

!!!!!!!!!!!!!! total money: 29570030
!!!!!!!!!!!!!! zhuang times: 1359
!!!!!!!!!!!!!! xian times: 1364
!!!!!!!!!!!!!! earned money: -429970

!!!!!!!!!!!!!! total money: 30021050
!!!!!!!!!!!!!! zhuang times: 1373
!!!!!!!!!!!!!! xian times: 1332
!!!!!!!!!!!!!! earned money: 21050

!!!!!!!!!!!!!! total money: 31110810
!!!!!!!!!!!!!! zhuang times: 1437
!!!!!!!!!!!!!! xian times: 1284
!!!!!!!!!!!!!! earned money: 1110810

!!!!!!!!!!!!!! total money: 30200750
!!!!!!!!!!!!!! zhuang times: 1367
!!!!!!!!!!!!!! xian times: 1308
!!!!!!!!!!!!!! earned money: 200750

!!!!!!!!!!!!!! total money: 30048480
!!!!!!!!!!!!!! zhuang times: 1381
!!!!!!!!!!!!!! xian times: 1337
!!!!!!!!!!!!!! earned money: 48480

!!!!!!!!!!!!!! total money: 30653820
!!!!!!!!!!!!!! zhuang times: 1409
!!!!!!!!!!!!!! xian times: 1303
!!!!!!!!!!!!!! earned money: 653820

!!!!!!!!!!!!!! total money: 30554920
!!!!!!!!!!!!!! zhuang times: 1409
!!!!!!!!!!!!!! xian times: 1313
!!!!!!!!!!!!!! earned money: 554920

!!!!!!!!!!!!!! total money: 30203920
!!!!!!!!!!!!!! zhuang times: 1391
!!!!!!!!!!!!!! xian times: 1331
!!!!!!!!!!!!!! earned money: 203920

!!!!!!!!!!!!!! total money: 30336690
!!!!!!!!!!!!!! zhuang times: 1376
!!!!!!!!!!!!!! xian times: 1303
!!!!!!!!!!!!!! earned money: 336690

!!!!!!!!!!!!!! total money: 30503790
!!!!!!!!!!!!!! zhuang times: 1415
!!!!!!!!!!!!!! xian times: 1324
!!!!!!!!!!!!!! earned money: 503790

!!!!!!!!!!!!!! total money: 29864210
!!!!!!!!!!!!!! zhuang times: 1368
!!!!!!!!!!!!!! xian times: 1343
!!!!!!!!!!!!!! earned money: -135790

!!!!!!!!!!!!!! total money: 30756450
!!!!!!!!!!!!!! zhuang times: 1431
!!!!!!!!!!!!!! xian times: 1314
!!!!!!!!!!!!!! earned money: 756450

!!!!!!!!!!!!!! total money: 30020210
!!!!!!!!!!!!!! zhuang times: 1376
!!!!!!!!!!!!!! xian times: 1335
!!!!!!!!!!!!!! earned money: 20210

!!!!!!!!!!!!!! total money: 29922710
!!!!!!!!!!!!!! zhuang times: 1371
!!!!!!!!!!!!!! xian times: 1340
!!!!!!!!!!!!!! earned money: -77290

!!!!!!!!!!!!!! total money: 30236950
!!!!!!!!!!!!!! zhuang times: 1379
!!!!!!!!!!!!!! xian times: 1316
!!!!!!!!!!!!!! earned money: 236950

!!!!!!!!!!!!!! total money: 29842750
!!!!!!!!!!!!!! zhuang times: 1374
!!!!!!!!!!!!!! xian times: 1351
!!!!!!!!!!!!!! earned money: -157250

!!!!!!!!!!!!!! total money: 30633760
!!!!!!!!!!!!!! zhuang times: 1410
!!!!!!!!!!!!!! xian times: 1306
!!!!!!!!!!!!!! earned money: 633760

!!!!!!!!!!!!!! total money: 29708770
!!!!!!!!!!!!!! zhuang times: 1358
!!!!!!!!!!!!!! xian times: 1349
!!!!!!!!!!!!!! earned money: -291230

!!!!!!!!!!!!!! total money: 29444540
!!!!!!!!!!!!!! zhuang times: 1348
!!!!!!!!!!!!!! xian times: 1366
!!!!!!!!!!!!!! earned money: -555460

!!!!!!!!!!!!!! total money: 30602970
!!!!!!!!!!!!!! zhuang times: 1414
!!!!!!!!!!!!!! xian times: 1313
!!!!!!!!!!!!!! earned money: 602970

!!!!!!!!!!!!!! total money: 30032620
!!!!!!!!!!!!!! zhuang times: 1367
!!!!!!!!!!!!!! xian times: 1325
!!!!!!!!!!!!!! earned money: 32620

!!!!!!!!!!!!!! total money: 29620320
!!!!!!!!!!!!!! zhuang times: 1356
!!!!!!!!!!!!!! xian times: 1356
!!!!!!!!!!!!!! earned money: -379680

!!!!!!!!!!!!!! total money: 30734060
!!!!!!!!!!!!!! zhuang times: 1405
!!!!!!!!!!!!!! xian times: 1291
!!!!!!!!!!!!!! earned money: 734060

!!!!!!!!!!!!!! total money: 30606330
!!!!!!!!!!!!!! zhuang times: 1402
!!!!!!!!!!!!!! xian times: 1301
!!!!!!!!!!!!!! earned money: 606330

!!!!!!!!!!!!!! total money: 31543170
!!!!!!!!!!!!!! zhuang times: 1447
!!!!!!!!!!!!!! xian times: 1250
!!!!!!!!!!!!!! earned money: 1543170

!!!!!!!!!!!!!! total money: 29592050
!!!!!!!!!!!!!! zhuang times: 1351
!!!!!!!!!!!!!! xian times: 1354
!!!!!!!!!!!!!! earned money: -407950

!!!!!!!!!!!!!! total money: 30732100
!!!!!!!!!!!!!! zhuang times: 1412
!!!!!!!!!!!!!! xian times: 1298
!!!!!!!!!!!!!! earned money: 732100

!!!!!!!!!!!!!! total money: 30380820
!!!!!!!!!!!!!! zhuang times: 1395
!!!!!!!!!!!!!! xian times: 1317
!!!!!!!!!!!!!! earned money: 380820

!!!!!!!!!!!!!! total money: 29933440
!!!!!!!!!!!!!! zhuang times: 1368
!!!!!!!!!!!!!! xian times: 1336
!!!!!!!!!!!!!! earned money: -66560

!!!!!!!!!!!!!! total money: 30408530
!!!!!!!!!!!!!! zhuang times: 1402
!!!!!!!!!!!!!! xian times: 1321
!!!!!!!!!!!!!! earned money: 408530

!!!!!!!!!!!!!! total money: 30552680
!!!!!!!!!!!!!! zhuang times: 1417
!!!!!!!!!!!!!! xian times: 1321
!!!!!!!!!!!!!! earned money: 552680

!!!!!!!!!!!!!! total money: 30088040
!!!!!!!!!!!!!! zhuang times: 1381
!!!!!!!!!!!!!! xian times: 1333
!!!!!!!!!!!!!! earned money: 88040

!!!!!!!!!!!!!! total money: 30768860
!!!!!!!!!!!!!! zhuang times: 1422
!!!!!!!!!!!!!! xian times: 1304
!!!!!!!!!!!!!! earned money: 768860

!!!!!!!!!!!!!! total money: 29969920
!!!!!!!!!!!!!! zhuang times: 1379
!!!!!!!!!!!!!! xian times: 1343
!!!!!!!!!!!!!! earned money: -30080

!!!!!!!!!!!!!! total money: 29729670
!!!!!!!!!!!!!! zhuang times: 1354
!!!!!!!!!!!!!! xian times: 1343
!!!!!!!!!!!!!! earned money: -270330

!!!!!!!!!!!!!! total money: 29989420
!!!!!!!!!!!!!! zhuang times: 1380
!!!!!!!!!!!!!! xian times: 1342
!!!!!!!!!!!!!! earned money: -10580

!!!!!!!!!!!!!! total money: 30050440
!!!!!!!!!!!!!! zhuang times: 1374
!!!!!!!!!!!!!! xian times: 1330
!!!!!!!!!!!!!! earned money: 50440

!!!!!!!!!!!!!! total money: 30543910
!!!!!!!!!!!!!! zhuang times: 1413
!!!!!!!!!!!!!! xian times: 1318
!!!!!!!!!!!!!! earned money: 543910

!!!!!!!!!!!!!! total money: 29954060
!!!!!!!!!!!!!! zhuang times: 1365
!!!!!!!!!!!!!! xian times: 1331
!!!!!!!!!!!!!! earned money: -45940

!!!!!!!!!!!!!! total money: 30441840
!!!!!!!!!!!!!! zhuang times: 1389
!!!!!!!!!!!!!! xian times: 1305
!!!!!!!!!!!!!! earned money: 441840

!!!!!!!!!!!!!! total money: 29302350
!!!!!!!!!!!!!! zhuang times: 1326
!!!!!!!!!!!!!! xian times: 1359
!!!!!!!!!!!!!! earned money: -697650

!!!!!!!!!!!!!! total money: 30135810
!!!!!!!!!!!!!! zhuang times: 1387
!!!!!!!!!!!!!! xian times: 1334
!!!!!!!!!!!!!! earned money: 135810

!!!!!!!!!!!!!! total money: 30253090
!!!!!!!!!!!!!! zhuang times: 1392
!!!!!!!!!!!!!! xian times: 1327
!!!!!!!!!!!!!! earned money: 253090

!!!!!!!!!!!!!! total money: 29989420
!!!!!!!!!!!!!! zhuang times: 1380
!!!!!!!!!!!!!! xian times: 1342
!!!!!!!!!!!!!! earned money: -10580

!!!!!!!!!!!!!! total money: 30459380
!!!!!!!!!!!!!! zhuang times: 1397
!!!!!!!!!!!!!! xian times: 1311
!!!!!!!!!!!!!! earned money: 459380

!!!!!!!!!!!!!! total money: 30112670
!!!!!!!!!!!!!! zhuang times: 1399
!!!!!!!!!!!!!! xian times: 1348
!!!!!!!!!!!!!! earned money: 112670

!!!!!!!!!!!!!! total money: 30281360
!!!!!!!!!!!!!! zhuang times: 1397
!!!!!!!!!!!!!! xian times: 1329
!!!!!!!!!!!!!! earned money: 281360

!!!!!!!!!!!!!! total money: 28994360
!!!!!!!!!!!!!! zhuang times: 1331
!!!!!!!!!!!!!! xian times: 1395
!!!!!!!!!!!!!! earned money: -1005640

!!!!!!!!!!!!!! total money: 31323630
!!!!!!!!!!!!!! zhuang times: 1454
!!!!!!!!!!!!!! xian times: 1279
!!!!!!!!!!!!!! earned money: 1323630

!!!!!!!!!!!!!! total money: 29883430
!!!!!!!!!!!!!! zhuang times: 1370
!!!!!!!!!!!!!! xian times: 1343
!!!!!!!!!!!!!! earned money: -116570

!!!!!!!!!!!!!! total money: 30702710
!!!!!!!!!!!!!! zhuang times: 1411
!!!!!!!!!!!!!! xian times: 1300
!!!!!!!!!!!!!! earned money: 702710

!!!!!!!!!!!!!! total money: 30935030
!!!!!!!!!!!!!! zhuang times: 1429
!!!!!!!!!!!!!! xian times: 1294
!!!!!!!!!!!!!! earned money: 935030

!!!!!!!!!!!!!! total money: 29141870
!!!!!!!!!!!!!! zhuang times: 1334
!!!!!!!!!!!!!! xian times: 1383
!!!!!!!!!!!!!! earned money: -858130

!!!!!!!!!!!!!! total money: 29679380
!!!!!!!!!!!!!! zhuang times: 1357
!!!!!!!!!!!!!! xian times: 1351
!!!!!!!!!!!!!! earned money: -320620

!!!!!!!!!!!!!! total money: 30292370
!!!!!!!!!!!!!! zhuang times: 1393
!!!!!!!!!!!!!! xian times: 1324
!!!!!!!!!!!!!! earned money: 292370

!!!!!!!!!!!!!! total money: 30359920
!!!!!!!!!!!!!! zhuang times: 1399
!!!!!!!!!!!!!! xian times: 1323
!!!!!!!!!!!!!! earned money: 359920

!!!!!!!!!!!!!! total money: 30106420
!!!!!!!!!!!!!! zhuang times: 1386
!!!!!!!!!!!!!! xian times: 1336
!!!!!!!!!!!!!! earned money: 106420

!!!!!!!!!!!!!! total money: 30533460
!!!!!!!!!!!!!! zhuang times: 1415
!!!!!!!!!!!!!! xian times: 1321
!!!!!!!!!!!!!! earned money: 533460

!!!!!!!!!!!!!! total money: 30893230
!!!!!!!!!!!!!! zhuang times: 1437
!!!!!!!!!!!!!! xian times: 1306
!!!!!!!!!!!!!! earned money: 893230

!!!!!!!!!!!!!! total money: 29534390
!!!!!!!!!!!!!! zhuang times: 1345
!!!!!!!!!!!!!! xian times: 1354
!!!!!!!!!!!!!! earned money: -465610

!!!!!!!!!!!!!! total money: 31148130
!!!!!!!!!!!!!! zhuang times: 1445
!!!!!!!!!!!!!! xian times: 1288
!!!!!!!!!!!!!! earned money: 1148130

!!!!!!!!!!!!!! total money: 29765310
!!!!!!!!!!!!!! zhuang times: 1368
!!!!!!!!!!!!!! xian times: 1353
!!!!!!!!!!!!!! earned money: -234690

!!!!!!!!!!!!!! total money: 30154470
!!!!!!!!!!!!!! zhuang times: 1391
!!!!!!!!!!!!!! xian times: 1336
!!!!!!!!!!!!!! earned money: 154470

!!!!!!!!!!!!!! total money: 30741150
!!!!!!!!!!!!!! zhuang times: 1415
!!!!!!!!!!!!!! xian times: 1300
!!!!!!!!!!!!!! earned money: 741150

!!!!!!!!!!!!!! total money: 30056690
!!!!!!!!!!!!!! zhuang times: 1387
!!!!!!!!!!!!!! xian times: 1342
!!!!!!!!!!!!!! earned money: 56690

!!!!!!!!!!!!!! total money: 30018250
!!!!!!!!!!!!!! zhuang times: 1383
!!!!!!!!!!!!!! xian times: 1342
!!!!!!!!!!!!!! earned money: 18250

!!!!!!!!!!!!!! total money: 29991100
!!!!!!!!!!!!!! zhuang times: 1374
!!!!!!!!!!!!!! xian times: 1336
!!!!!!!!!!!!!! earned money: -8900

!!!!!!!!!!!!!! total money: 30564810
!!!!!!!!!!!!!! zhuang times: 1409
!!!!!!!!!!!!!! xian times: 1312
!!!!!!!!!!!!!! earned money: 564810

!!!!!!!!!!!!!! total money: 29630490
!!!!!!!!!!!!!! zhuang times: 1355
!!!!!!!!!!!!!! xian times: 1354
!!!!!!!!!!!!!! earned money: -369510

!!!!!!!!!!!!!! total money: 30907600
!!!!!!!!!!!!!! zhuang times: 1421
!!!!!!!!!!!!!! xian times: 1289
!!!!!!!!!!!!!! earned money: 907600

!!!!!!!!!!!!!! total money: 30256450
!!!!!!!!!!!!!! zhuang times: 1380
!!!!!!!!!!!!!! xian times: 1315
!!!!!!!!!!!!!! earned money: 256450

!!!!!!!!!!!!!! total money: 29989420
!!!!!!!!!!!!!! zhuang times: 1380
!!!!!!!!!!!!!! xian times: 1342
!!!!!!!!!!!!!! earned money: -10580

!!!!!!!!!!!!!! total money: 30810380
!!!!!!!!!!!!!! zhuang times: 1415
!!!!!!!!!!!!!! xian times: 1293
!!!!!!!!!!!!!! earned money: 810380

!!!!!!!!!!!!!! total money: 30361600
!!!!!!!!!!!!!! zhuang times: 1393
!!!!!!!!!!!!!! xian times: 1317
!!!!!!!!!!!!!! earned money: 361600

!!!!!!!!!!!!!! total money: 30801890
!!!!!!!!!!!!!! zhuang times: 1410
!!!!!!!!!!!!!! xian times: 1289
!!!!!!!!!!!!!! earned money: 801890

!!!!!!!!!!!!!! total money: 30242080
!!!!!!!!!!!!!! zhuang times: 1396
!!!!!!!!!!!!!! xian times: 1332
!!!!!!!!!!!!!! earned money: 242080

!!!!!!!!!!!!!! total money: 29280610
!!!!!!!!!!!!!! zhuang times: 1333
!!!!!!!!!!!!!! xian times: 1368
!!!!!!!!!!!!!! earned money: -719390

!!!!!!!!!!!!!! total money: 29670330
!!!!!!!!!!!!!! zhuang times: 1354
!!!!!!!!!!!!!! xian times: 1349
!!!!!!!!!!!!!! earned money: -329670

!!!!!!!!!!!!!! total money: 30198230
!!!!!!!!!!!!!! zhuang times: 1376
!!!!!!!!!!!!!! xian times: 1317
!!!!!!!!!!!!!! earned money: 198230

!!!!!!!!!!!!!! total money: 30320920
!!!!!!!!!!!!!! zhuang times: 1397
!!!!!!!!!!!!!! xian times: 1325
!!!!!!!!!!!!!! earned money: 320920

!!!!!!!!!!!!!! total money: 30566770
!!!!!!!!!!!!!! zhuang times: 1402
!!!!!!!!!!!!!! xian times: 1305
!!!!!!!!!!!!!! earned money: 566770

!!!!!!!!!!!!!! total money: 29821290
!!!!!!!!!!!!!! zhuang times: 1380
!!!!!!!!!!!!!! xian times: 1359
!!!!!!!!!!!!!! earned money: -178710

!!!!!!!!!!!!!! total money: 30402000
!!!!!!!!!!!!!! zhuang times: 1390
!!!!!!!!!!!!!! xian times: 1310
!!!!!!!!!!!!!! earned money: 402000

!!!!!!!!!!!!!! total money: 30462740
!!!!!!!!!!!!!! zhuang times: 1385
!!!!!!!!!!!!!! xian times: 1299
!!!!!!!!!!!!!! earned money: 462740

!!!!!!!!!!!!!! total money: 29843310
!!!!!!!!!!!!!! zhuang times: 1372
!!!!!!!!!!!!!! xian times: 1349
!!!!!!!!!!!!!! earned money: -156690

!!!!!!!!!!!!!! total money: 29377830
!!!!!!!!!!!!!! zhuang times: 1339
!!!!!!!!!!!!!! xian times: 1364
!!!!!!!!!!!!!! earned money: -622170

!!!!!!!!!!!!!! total money: 30400040
!!!!!!!!!!!!!! zhuang times: 1397
!!!!!!!!!!!!!! xian times: 1317
!!!!!!!!!!!!!! earned money: 400040

!!!!!!!!!!!!!! total money: 29285460
!!!!!!!!!!!!!! zhuang times: 1351
!!!!!!!!!!!!!! xian times: 1385
!!!!!!!!!!!!!! earned money: -714540

!!!!!!!!!!!!!! total money: 30554920
!!!!!!!!!!!!!! zhuang times: 1409
!!!!!!!!!!!!!! xian times: 1313
!!!!!!!!!!!!!! earned money: 554920

!!!!!!!!!!!!!! total money: 30734060
!!!!!!!!!!!!!! zhuang times: 1405
!!!!!!!!!!!!!! xian times: 1291
!!!!!!!!!!!!!! earned money: 734060

!!!!!!!!!!!!!! total money: 29737600
!!!!!!!!!!!!!! zhuang times: 1361
!!!!!!!!!!!!!! xian times: 1349
!!!!!!!!!!!!!! earned money: -262400

!!!!!!!!!!!!!! total money: 30713440
!!!!!!!!!!!!!! zhuang times: 1408
!!!!!!!!!!!!!! xian times: 1296
!!!!!!!!!!!!!! earned money: 713440

!!!!!!!!!!!!!! total money: 29318490
!!!!!!!!!!!!!! zhuang times: 1339
!!!!!!!!!!!!!! xian times: 1370
!!!!!!!!!!!!!! earned money: -681510

!!!!!!!!!!!!!! total money: 30475240
!!!!!!!!!!!!!! zhuang times: 1411
!!!!!!!!!!!!!! xian times: 1323
!!!!!!!!!!!!!! earned money: 475240

!!!!!!!!!!!!!! total money: 29003970
!!!!!!!!!!!!!! zhuang times: 1332
!!!!!!!!!!!!!! xian times: 1395
!!!!!!!!!!!!!! earned money: -996030

!!!!!!!!!!!!!! total money: 30494460
!!!!!!!!!!!!!! zhuang times: 1413
!!!!!!!!!!!!!! xian times: 1323
!!!!!!!!!!!!!! earned money: 494460

!!!!!!!!!!!!!! total money: 29085610
!!!!!!!!!!!!!! zhuang times: 1323
!!!!!!!!!!!!!! xian times: 1378
!!!!!!!!!!!!!! earned money: -914390

!!!!!!!!!!!!!! total money: 29098670
!!!!!!!!!!!!!! zhuang times: 1347
!!!!!!!!!!!!!! xian times: 1400
!!!!!!!!!!!!!! earned money: -901330

!!!!!!!!!!!!!! total money: 30945200
!!!!!!!!!!!!!! zhuang times: 1428
!!!!!!!!!!!!!! xian times: 1292
!!!!!!!!!!!!!! earned money: 945200

!!!!!!!!!!!!!! total money: 30631240
!!!!!!!!!!!!!! zhuang times: 1419
!!!!!!!!!!!!!! xian times: 1315
!!!!!!!!!!!!!! earned money: 631240

!!!!!!!!!!!!!! total money: 29693560
!!!!!!!!!!!!!! zhuang times: 1377
!!!!!!!!!!!!!! xian times: 1369
!!!!!!!!!!!!!! earned money: -306440

!!!!!!!!!!!!!! total money: 29757660
!!!!!!!!!!!!!! zhuang times: 1360
!!!!!!!!!!!!!! xian times: 1346
!!!!!!!!!!!!!! earned money: -242340

!!!!!!!!!!!!!! total money: 31091870
!!!!!!!!!!!!!! zhuang times: 1434
!!!!!!!!!!!!!! xian times: 1283
!!!!!!!!!!!!!! earned money: 1091870

!!!!!!!!!!!!!! total money: 30743950
!!!!!!!!!!!!!! zhuang times: 1405
!!!!!!!!!!!!!! xian times: 1290
!!!!!!!!!!!!!! earned money: 743950

!!!!!!!!!!!!!! total money: 29962270
!!!!!!!!!!!!!! zhuang times: 1371
!!!!!!!!!!!!!! xian times: 1336
!!!!!!!!!!!!!! earned money: -37730

!!!!!!!!!!!!!! total money: 30399200
!!!!!!!!!!!!!! zhuang times: 1400
!!!!!!!!!!!!!! xian times: 1320
!!!!!!!!!!!!!! earned money: 399200

!!!!!!!!!!!!!! total money: 30751040
!!!!!!!!!!!!!! zhuang times: 1415
!!!!!!!!!!!!!! xian times: 1299
!!!!!!!!!!!!!! earned money: 751040

!!!!!!!!!!!!!! total money: 31278380
!!!!!!!!!!!!!! zhuang times: 1439
!!!!!!!!!!!!!! xian times: 1269
!!!!!!!!!!!!!! earned money: 1278380

!!!!!!!!!!!!!! total money: 29913940
!!!!!!!!!!!!!! zhuang times: 1367
!!!!!!!!!!!!!! xian times: 1337
!!!!!!!!!!!!!! earned money: -86060

!!!!!!!!!!!!!! total money: 29935120
!!!!!!!!!!!!!! zhuang times: 1362
!!!!!!!!!!!!!! xian times: 1330
!!!!!!!!!!!!!! earned money: -64880

!!!!!!!!!!!!!! total money: 29902370
!!!!!!!!!!!!!! zhuang times: 1373
!!!!!!!!!!!!!! xian times: 1344
!!!!!!!!!!!!!! earned money: -97630

!!!!!!!!!!!!!! total money: 30301700
!!!!!!!!!!!!!! zhuang times: 1395
!!!!!!!!!!!!!! xian times: 1325
!!!!!!!!!!!!!! earned money: 301700

!!!!!!!!!!!!!! total money: 29835940
!!!!!!!!!!!!!! zhuang times: 1363
!!!!!!!!!!!!!! xian times: 1341
!!!!!!!!!!!!!! earned money: -164060

!!!!!!!!!!!!!! total money: 30647290
!!!!!!!!!!!!!! zhuang times: 1397
!!!!!!!!!!!!!! xian times: 1292
!!!!!!!!!!!!!! earned money: 647290

!!!!!!!!!!!!!! total money: 30527770
!!!!!!!!!!!!!! zhuang times: 1400
!!!!!!!!!!!!!! xian times: 1307
!!!!!!!!!!!!!! earned money: 527770

!!!!!!!!!!!!!! total money: 29807110
!!!!!!!!!!!!!! zhuang times: 1360
!!!!!!!!!!!!!! xian times: 1341
!!!!!!!!!!!!!! earned money: -192890

!!!!!!!!!!!!!! total money: 30458820
!!!!!!!!!!!!!! zhuang times: 1399
!!!!!!!!!!!!!! xian times: 1313
!!!!!!!!!!!!!! earned money: 458820

!!!!!!!!!!!!!! total money: 30535980
!!!!!!!!!!!!!! zhuang times: 1406
!!!!!!!!!!!!!! xian times: 1312
!!!!!!!!!!!!!! earned money: 535980

!!!!!!!!!!!!!! total money: 30391830
!!!!!!!!!!!!!! zhuang times: 1391
!!!!!!!!!!!!!! xian times: 1312
!!!!!!!!!!!!!! earned money: 391830

!!!!!!!!!!!!!! total money: 30234990
!!!!!!!!!!!!!! zhuang times: 1386
!!!!!!!!!!!!!! xian times: 1323
!!!!!!!!!!!!!! earned money: 234990

!!!!!!!!!!!!!! total money: 29873540
!!!!!!!!!!!!!! zhuang times: 1370
!!!!!!!!!!!!!! xian times: 1344
!!!!!!!!!!!!!! earned money: -126460

!!!!!!!!!!!!!! total money: 29846950
!!!!!!!!!!!!!! zhuang times: 1359
!!!!!!!!!!!!!! xian times: 1336
!!!!!!!!!!!!!! earned money: -153050

!!!!!!!!!!!!!! total money: 30371490
!!!!!!!!!!!!!! zhuang times: 1393
!!!!!!!!!!!!!! xian times: 1316
!!!!!!!!!!!!!! earned money: 371490

!!!!!!!!!!!!!! total money: 30098770
!!!!!!!!!!!!!! zhuang times: 1378
!!!!!!!!!!!!!! xian times: 1329
!!!!!!!!!!!!!! earned money: 98770

!!!!!!!!!!!!!! total money: 30539620
!!!!!!!!!!!!!! zhuang times: 1393
!!!!!!!!!!!!!! xian times: 1299
!!!!!!!!!!!!!! earned money: 539620

!!!!!!!!!!!!!! total money: 30104460
!!!!!!!!!!!!!! zhuang times: 1393
!!!!!!!!!!!!!! xian times: 1343
!!!!!!!!!!!!!! earned money: 104460

!!!!!!!!!!!!!! total money: 29523380
!!!!!!!!!!!!!! zhuang times: 1349
!!!!!!!!!!!!!! xian times: 1359
!!!!!!!!!!!!!! earned money: -476620

!!!!!!!!!!!!!! total money: 30079270
!!!!!!!!!!!!!! zhuang times: 1377
!!!!!!!!!!!!!! xian times: 1330
!!!!!!!!!!!!!! earned money: 79270

!!!!!!!!!!!!!! total money: 30420380
!!!!!!!!!!!!!! zhuang times: 1395
!!!!!!!!!!!!!! xian times: 1313
!!!!!!!!!!!!!! earned money: 420380

!!!!!!!!!!!!!! total money: 29835940
!!!!!!!!!!!!!! zhuang times: 1363
!!!!!!!!!!!!!! xian times: 1341
!!!!!!!!!!!!!! earned money: -164060

!!!!!!!!!!!!!! total money: 29183950
!!!!!!!!!!!!!! zhuang times: 1325
!!!!!!!!!!!!!! xian times: 1370
!!!!!!!!!!!!!! earned money: -816050

!!!!!!!!!!!!!! total money: 29676020
!!!!!!!!!!!!!! zhuang times: 1369
!!!!!!!!!!!!!! xian times: 1363
!!!!!!!!!!!!!! earned money: -323980

!!!!!!!!!!!!!! total money: 30083280
!!!!!!!!!!!!!! zhuang times: 1398
!!!!!!!!!!!!!! xian times: 1350
!!!!!!!!!!!!!! earned money: 83280

!!!!!!!!!!!!!! total money: 29562380
!!!!!!!!!!!!!! zhuang times: 1351
!!!!!!!!!!!!!! xian times: 1357
!!!!!!!!!!!!!! earned money: -437620

!!!!!!!!!!!!!! total money: 29795820
!!!!!!!!!!!!!! zhuang times: 1365
!!!!!!!!!!!!!! xian times: 1347
!!!!!!!!!!!!!! earned money: -204180

!!!!!!!!!!!!!! total money: 30200280
!!!!!!!!!!!!!! zhuang times: 1404
!!!!!!!!!!!!!! xian times: 1344
!!!!!!!!!!!!!! earned money: 200280

!!!!!!!!!!!!!! total money: 29885670
!!!!!!!!!!!!!! zhuang times: 1362
!!!!!!!!!!!!!! xian times: 1335
!!!!!!!!!!!!!! earned money: -114330

!!!!!!!!!!!!!! total money: 30264380
!!!!!!!!!!!!!! zhuang times: 1387
!!!!!!!!!!!!!! xian times: 1321
!!!!!!!!!!!!!! earned money: 264380

!!!!!!!!!!!!!! total money: 30173410
!!!!!!!!!!!!!! zhuang times: 1394
!!!!!!!!!!!!!! xian times: 1337
!!!!!!!!!!!!!! earned money: 173410

!!!!!!!!!!!!!! total money: 30407970
!!!!!!!!!!!!!! zhuang times: 1404
!!!!!!!!!!!!!! xian times: 1323
!!!!!!!!!!!!!! earned money: 407970

!!!!!!!!!!!!!! total money: 30802450
!!!!!!!!!!!!!! zhuang times: 1408
!!!!!!!!!!!!!! xian times: 1287
!!!!!!!!!!!!!! earned money: 802450

!!!!!!!!!!!!!! total money: 29766150
!!!!!!!!!!!!!! zhuang times: 1365
!!!!!!!!!!!!!! xian times: 1350
!!!!!!!!!!!!!! earned money: -233850

!!!!!!!!!!!!!! total money: 30348910
!!!!!!!!!!!!!! zhuang times: 1403
!!!!!!!!!!!!!! xian times: 1328
!!!!!!!!!!!!!! earned money: 348910

!!!!!!!!!!!!!! total money: 30327730
!!!!!!!!!!!!!! zhuang times: 1408
!!!!!!!!!!!!!! xian times: 1335
!!!!!!!!!!!!!! earned money: 327730

!!!!!!!!!!!!!! total money: 30320360
!!!!!!!!!!!!!! zhuang times: 1399
!!!!!!!!!!!!!! xian times: 1327
!!!!!!!!!!!!!! earned money: 320360

!!!!!!!!!!!!!! total money: 30705230
!!!!!!!!!!!!!! zhuang times: 1402
!!!!!!!!!!!!!! xian times: 1291
!!!!!!!!!!!!!! earned money: 705230

!!!!!!!!!!!!!! total money: 29044090
!!!!!!!!!!!!!! zhuang times: 1330
!!!!!!!!!!!!!! xian times: 1389
!!!!!!!!!!!!!! earned money: -955910

!!!!!!!!!!!!!! total money: 30153910
!!!!!!!!!!!!!! zhuang times: 1393
!!!!!!!!!!!!!! xian times: 1338
!!!!!!!!!!!!!! earned money: 153910

!!!!!!!!!!!!!! total money: 30204480
!!!!!!!!!!!!!! zhuang times: 1389
!!!!!!!!!!!!!! xian times: 1329
!!!!!!!!!!!!!! earned money: 204480

!!!!!!!!!!!!!! total money: 29750570
!!!!!!!!!!!!!! zhuang times: 1350
!!!!!!!!!!!!!! xian times: 1337
!!!!!!!!!!!!!! earned money: -249430

!!!!!!!!!!!!!! total money: 30286960
!!!!!!!!!!!!!! zhuang times: 1377
!!!!!!!!!!!!!! xian times: 1309
!!!!!!!!!!!!!! earned money: 286960

!!!!!!!!!!!!!! total money: 30149340
!!!!!!!!!!!!!! zhuang times: 1374
!!!!!!!!!!!!!! xian times: 1320
!!!!!!!!!!!!!! earned money: 149340

!!!!!!!!!!!!!! total money: 29963110
!!!!!!!!!!!!!! zhuang times: 1368
!!!!!!!!!!!!!! xian times: 1333
!!!!!!!!!!!!!! earned money: -36890

!!!!!!!!!!!!!! total money: 30350310
!!!!!!!!!!!!!! zhuang times: 1398
!!!!!!!!!!!!!! xian times: 1323
!!!!!!!!!!!!!! earned money: 350310

!!!!!!!!!!!!!! total money: 30622190
!!!!!!!!!!!!!! zhuang times: 1416
!!!!!!!!!!!!!! xian times: 1313
!!!!!!!!!!!!!! earned money: 622190

!!!!!!!!!!!!!! total money: 30167160
!!!!!!!!!!!!!! zhuang times: 1381
!!!!!!!!!!!!!! xian times: 1325
!!!!!!!!!!!!!! earned money: 167160

!!!!!!!!!!!!!! total money: 31007060
!!!!!!!!!!!!!! zhuang times: 1419
!!!!!!!!!!!!!! xian times: 1277
!!!!!!!!!!!!!! earned money: 1007060

!!!!!!!!!!!!!! total money: 30789760
!!!!!!!!!!!!!! zhuang times: 1418
!!!!!!!!!!!!!! xian times: 1298
!!!!!!!!!!!!!! earned money: 789760

!!!!!!!!!!!!!! total money: 30341820
!!!!!!!!!!!!!! zhuang times: 1393
!!!!!!!!!!!!!! xian times: 1319
!!!!!!!!!!!!!! earned money: 341820

!!!!!!!!!!!!!! total money: 29367380
!!!!!!!!!!!!!! zhuang times: 1341
!!!!!!!!!!!!!! xian times: 1367
!!!!!!!!!!!!!! earned money: -632620

!!!!!!!!!!!!!! total money: 30099050
!!!!!!!!!!!!!! zhuang times: 1377
!!!!!!!!!!!!!! xian times: 1328
!!!!!!!!!!!!!! earned money: 99050

!!!!!!!!!!!!!! total money: 30274550
!!!!!!!!!!!!!! zhuang times: 1386
!!!!!!!!!!!!!! xian times: 1319
!!!!!!!!!!!!!! earned money: 274550

!!!!!!!!!!!!!! total money: 30134970
!!!!!!!!!!!!!! zhuang times: 1390
!!!!!!!!!!!!!! xian times: 1337
!!!!!!!!!!!!!! earned money: 134970

!!!!!!!!!!!!!! total money: 29899290
!!!!!!!!!!!!!! zhuang times: 1384
!!!!!!!!!!!!!! xian times: 1355
!!!!!!!!!!!!!! earned money: -100710

!!!!!!!!!!!!!! total money: 30193470
!!!!!!!!!!!!!! zhuang times: 1393
!!!!!!!!!!!!!! xian times: 1334
!!!!!!!!!!!!!! earned money: 193470

!!!!!!!!!!!!!! total money: 30818590
!!!!!!!!!!!!!! zhuang times: 1421
!!!!!!!!!!!!!! xian times: 1298
!!!!!!!!!!!!!! earned money: 818590

!!!!!!!!!!!!!! total money: 29903490
!!!!!!!!!!!!!! zhuang times: 1369
!!!!!!!!!!!!!! xian times: 1340
!!!!!!!!!!!!!! earned money: -96510

!!!!!!!!!!!!!! total money: 29532150
!!!!!!!!!!!!!! zhuang times: 1353
!!!!!!!!!!!!!! xian times: 1362
!!!!!!!!!!!!!! earned money: -467850

!!!!!!!!!!!!!! total money: 30418980
!!!!!!!!!!!!!! zhuang times: 1400
!!!!!!!!!!!!!! xian times: 1318
!!!!!!!!!!!!!! earned money: 418980

!!!!!!!!!!!!!! total money: 30177330
!!!!!!!!!!!!!! zhuang times: 1380
!!!!!!!!!!!!!! xian times: 1323
!!!!!!!!!!!!!! earned money: 177330

!!!!!!!!!!!!!! total money: 29864490
!!!!!!!!!!!!!! zhuang times: 1367
!!!!!!!!!!!!!! xian times: 1342
!!!!!!!!!!!!!! earned money: -135510

!!!!!!!!!!!!!! total money: 30166600
!!!!!!!!!!!!!! zhuang times: 1383
!!!!!!!!!!!!!! xian times: 1327
!!!!!!!!!!!!!! earned money: 166600

!!!!!!!!!!!!!! total money: 29708770
!!!!!!!!!!!!!! zhuang times: 1358
!!!!!!!!!!!!!! xian times: 1349
!!!!!!!!!!!!!! earned money: -291230

!!!!!!!!!!!!!! total money: 30389590
!!!!!!!!!!!!!! zhuang times: 1399
!!!!!!!!!!!!!! xian times: 1320
!!!!!!!!!!!!!! earned money: 389590

!!!!!!!!!!!!!! total money: 29642060
!!!!!!!!!!!!!! zhuang times: 1349
!!!!!!!!!!!!!! xian times: 1347
!!!!!!!!!!!!!! earned money: -357940

!!!!!!!!!!!!!! total money: 29925510
!!!!!!!!!!!!!! zhuang times: 1361
!!!!!!!!!!!!!! xian times: 1330
!!!!!!!!!!!!!! earned money: -74490

!!!!!!!!!!!!!! total money: 30809820
!!!!!!!!!!!!!! zhuang times: 1417
!!!!!!!!!!!!!! xian times: 1295
!!!!!!!!!!!!!! earned money: 809820

!!!!!!!!!!!!!! total money: 29921030
!!!!!!!!!!!!!! zhuang times: 1377
!!!!!!!!!!!!!! xian times: 1346
!!!!!!!!!!!!!! earned money: -78970

!!!!!!!!!!!!!! total money: 30166880
!!!!!!!!!!!!!! zhuang times: 1382
!!!!!!!!!!!!!! xian times: 1326
!!!!!!!!!!!!!! earned money: 166880

!!!!!!!!!!!!!! total money: 30010880
!!!!!!!!!!!!!! zhuang times: 1374
!!!!!!!!!!!!!! xian times: 1334
!!!!!!!!!!!!!! earned money: 10880

!!!!!!!!!!!!!! total money: 30191140
!!!!!!!!!!!!!! zhuang times: 1366
!!!!!!!!!!!!!! xian times: 1308
!!!!!!!!!!!!!! earned money: 191140

!!!!!!!!!!!!!! total money: 29873540
!!!!!!!!!!!!!! zhuang times: 1370
!!!!!!!!!!!!!! xian times: 1344
!!!!!!!!!!!!!! earned money: -126460

!!!!!!!!!!!!!! total money: 29933440
!!!!!!!!!!!!!! zhuang times: 1368
!!!!!!!!!!!!!! xian times: 1336
!!!!!!!!!!!!!! earned money: -66560

!!!!!!!!!!!!!! total money: 30407690
!!!!!!!!!!!!!! zhuang times: 1405
!!!!!!!!!!!!!! xian times: 1324
!!!!!!!!!!!!!! earned money: 407690

!!!!!!!!!!!!!! total money: 30588230
!!!!!!!!!!!!!! zhuang times: 1396
!!!!!!!!!!!!!! xian times: 1297
!!!!!!!!!!!!!! earned money: 588230

!!!!!!!!!!!!!! total money: 29688430
!!!!!!!!!!!!!! zhuang times: 1360
!!!!!!!!!!!!!! xian times: 1353
!!!!!!!!!!!!!! earned money: -311570

!!!!!!!!!!!!!! total money: 30283040
!!!!!!!!!!!!!! zhuang times: 1391
!!!!!!!!!!!!!! xian times: 1323
!!!!!!!!!!!!!! earned money: 283040

!!!!!!!!!!!!!! total money: 29785090
!!!!!!!!!!!!!! zhuang times: 1368
!!!!!!!!!!!!!! xian times: 1351
!!!!!!!!!!!!!! earned money: -214910

!!!!!!!!!!!!!! total money: 30779310
!!!!!!!!!!!!!! zhuang times: 1420
!!!!!!!!!!!!!! xian times: 1301
!!!!!!!!!!!!!! earned money: 779310

!!!!!!!!!!!!!! total money: 30280520
!!!!!!!!!!!!!! zhuang times: 1400
!!!!!!!!!!!!!! xian times: 1332
!!!!!!!!!!!!!! earned money: 280520

!!!!!!!!!!!!!! total money: 30026180
!!!!!!!!!!!!!! zhuang times: 1390
!!!!!!!!!!!!!! xian times: 1348
!!!!!!!!!!!!!! earned money: 26180

!!!!!!!!!!!!!! total money: 30426910
!!!!!!!!!!!!!! zhuang times: 1407
!!!!!!!!!!!!!! xian times: 1324
!!!!!!!!!!!!!! earned money: 426910

!!!!!!!!!!!!!! total money: 31520590
!!!!!!!!!!!!!! zhuang times: 1457
!!!!!!!!!!!!!! xian times: 1262
!!!!!!!!!!!!!! earned money: 1520590

!!!!!!!!!!!!!! total money: 30731540
!!!!!!!!!!!!!! zhuang times: 1414
!!!!!!!!!!!!!! xian times: 1300
!!!!!!!!!!!!!! earned money: 731540

!!!!!!!!!!!!!! total money: 29961150
!!!!!!!!!!!!!! zhuang times: 1375
!!!!!!!!!!!!!! xian times: 1340
!!!!!!!!!!!!!! earned money: -38850

!!!!!!!!!!!!!! total money: 30368410
!!!!!!!!!!!!!! zhuang times: 1404
!!!!!!!!!!!!!! xian times: 1327
!!!!!!!!!!!!!! earned money: 368410

!!!!!!!!!!!!!! total money: 30483170
!!!!!!!!!!!!!! zhuang times: 1418
!!!!!!!!!!!!!! xian times: 1329
!!!!!!!!!!!!!! earned money: 483170

!!!!!!!!!!!!!! total money: 29900600
!!!!!!!!!!!!!! zhuang times: 1344
!!!!!!!!!!!!!! xian times: 1316
!!!!!!!!!!!!!! earned money: -99400

!!!!!!!!!!!!!! total money: 30136370
!!!!!!!!!!!!!! zhuang times: 1385
!!!!!!!!!!!!!! xian times: 1332
!!!!!!!!!!!!!! earned money: 136370

!!!!!!!!!!!!!! total money: 29812800
!!!!!!!!!!!!!! zhuang times: 1375
!!!!!!!!!!!!!! xian times: 1355
!!!!!!!!!!!!!! earned money: -187200

!!!!!!!!!!!!!! total money: 29719500
!!!!!!!!!!!!!! zhuang times: 1355
!!!!!!!!!!!!!! xian times: 1345
!!!!!!!!!!!!!! earned money: -280500

!!!!!!!!!!!!!! total money: 29423920
!!!!!!!!!!!!!! zhuang times: 1351
!!!!!!!!!!!!!! xian times: 1371
!!!!!!!!!!!!!! earned money: -576080

!!!!!!!!!!!!!! total money: 30972350
!!!!!!!!!!!!!! zhuang times: 1437
!!!!!!!!!!!!!! xian times: 1298
!!!!!!!!!!!!!! earned money: 972350

!!!!!!!!!!!!!! total money: 30090280
!!!!!!!!!!!!!! zhuang times: 1373
!!!!!!!!!!!!!! xian times: 1325
!!!!!!!!!!!!!! earned money: 90280

!!!!!!!!!!!!!! total money: 29376150
!!!!!!!!!!!!!! zhuang times: 1345
!!!!!!!!!!!!!! xian times: 1370
!!!!!!!!!!!!!! earned money: -623850

!!!!!!!!!!!!!! total money: 29542320
!!!!!!!!!!!!!! zhuang times: 1352
!!!!!!!!!!!!!! xian times: 1360
!!!!!!!!!!!!!! earned money: -457680

!!!!!!!!!!!!!! total money: 30245160
!!!!!!!!!!!!!! zhuang times: 1385
!!!!!!!!!!!!!! xian times: 1321
!!!!!!!!!!!!!! earned money: 245160

!!!!!!!!!!!!!! total money: 29117800
!!!!!!!!!!!!!! zhuang times: 1314
!!!!!!!!!!!!!! xian times: 1366
!!!!!!!!!!!!!! earned money: -882200

!!!!!!!!!!!!!! total money: 30050440
!!!!!!!!!!!!!! zhuang times: 1374
!!!!!!!!!!!!!! xian times: 1330
!!!!!!!!!!!!!! earned money: 50440

!!!!!!!!!!!!!! total money: 30427470
!!!!!!!!!!!!!! zhuang times: 1405
!!!!!!!!!!!!!! xian times: 1322
!!!!!!!!!!!!!! earned money: 427470

!!!!!!!!!!!!!! total money: 29706530
!!!!!!!!!!!!!! zhuang times: 1366
!!!!!!!!!!!!!! xian times: 1357
!!!!!!!!!!!!!! earned money: -293470

!!!!!!!!!!!!!! total money: 29854040
!!!!!!!!!!!!!! zhuang times: 1369
!!!!!!!!!!!!!! xian times: 1345
!!!!!!!!!!!!!! earned money: -145960

!!!!!!!!!!!!!! total money: 29754580
!!!!!!!!!!!!!! zhuang times: 1371
!!!!!!!!!!!!!! xian times: 1357
!!!!!!!!!!!!!! earned money: -245420

!!!!!!!!!!!!!! total money: 29747490
!!!!!!!!!!!!!! zhuang times: 1361
!!!!!!!!!!!!!! xian times: 1348
!!!!!!!!!!!!!! earned money: -252510

!!!!!!!!!!!!!! total money: 30427470
!!!!!!!!!!!!!! zhuang times: 1405
!!!!!!!!!!!!!! xian times: 1322
!!!!!!!!!!!!!! earned money: 427470

!!!!!!!!!!!!!! total money: 29162210
!!!!!!!!!!!!!! zhuang times: 1332
!!!!!!!!!!!!!! xian times: 1379
!!!!!!!!!!!!!! earned money: -837790

!!!!!!!!!!!!!! total money: 29492030
!!!!!!!!!!!!!! zhuang times: 1355
!!!!!!!!!!!!!! xian times: 1368
!!!!!!!!!!!!!! earned money: -507970

!!!!!!!!!!!!!! total money: 30163520
!!!!!!!!!!!!!! zhuang times: 1394
!!!!!!!!!!!!!! xian times: 1338
!!!!!!!!!!!!!! earned money: 163520

!!!!!!!!!!!!!! total money: 30055290
!!!!!!!!!!!!!! zhuang times: 1392
!!!!!!!!!!!!!! xian times: 1347
!!!!!!!!!!!!!! earned money: 55290

!!!!!!!!!!!!!! total money: 30283880
!!!!!!!!!!!!!! zhuang times: 1388
!!!!!!!!!!!!!! xian times: 1320
!!!!!!!!!!!!!! earned money: 283880

!!!!!!!!!!!!!! total money: 29767550
!!!!!!!!!!!!!! zhuang times: 1360
!!!!!!!!!!!!!! xian times: 1345
!!!!!!!!!!!!!! earned money: -232450

!!!!!!!!!!!!!! total money: 29932880
!!!!!!!!!!!!!! zhuang times: 1370
!!!!!!!!!!!!!! xian times: 1338
!!!!!!!!!!!!!! earned money: -67120

!!!!!!!!!!!!!! total money: 29722020
!!!!!!!!!!!!!! zhuang times: 1346
!!!!!!!!!!!!!! xian times: 1336
!!!!!!!!!!!!!! earned money: -277980

!!!!!!!!!!!!!! total money: 29484100
!!!!!!!!!!!!!! zhuang times: 1348
!!!!!!!!!!!!!! xian times: 1362
!!!!!!!!!!!!!! earned money: -515900

!!!!!!!!!!!!!! total money: 30044560
!!!!!!!!!!!!!! zhuang times: 1395
!!!!!!!!!!!!!! xian times: 1351
!!!!!!!!!!!!!! earned money: 44560

!!!!!!!!!!!!!! total money: 29832580
!!!!!!!!!!!!!! zhuang times: 1375
!!!!!!!!!!!!!! xian times: 1353
!!!!!!!!!!!!!! earned money: -167420

!!!!!!!!!!!!!! total money: 29025710
!!!!!!!!!!!!!! zhuang times: 1325
!!!!!!!!!!!!!! xian times: 1386
!!!!!!!!!!!!!! earned money: -974290

!!!!!!!!!!!!!! total money: 28995760
!!!!!!!!!!!!!! zhuang times: 1326
!!!!!!!!!!!!!! xian times: 1390
!!!!!!!!!!!!!! earned money: -1004240

!!!!!!!!!!!!!! total money: 30479440
!!!!!!!!!!!!!! zhuang times: 1396
!!!!!!!!!!!!!! xian times: 1308
!!!!!!!!!!!!!! earned money: 479440

!!!!!!!!!!!!!! total money: 29847790
!!!!!!!!!!!!!! zhuang times: 1356
!!!!!!!!!!!!!! xian times: 1333
!!!!!!!!!!!!!! earned money: -152210

!!!!!!!!!!!!!! total money: 29824650
!!!!!!!!!!!!!! zhuang times: 1368
!!!!!!!!!!!!!! xian times: 1347
!!!!!!!!!!!!!! earned money: -175350

!!!!!!!!!!!!!! total money: 30446130
!!!!!!!!!!!!!! zhuang times: 1409
!!!!!!!!!!!!!! xian times: 1324
!!!!!!!!!!!!!! earned money: 446130

!!!!!!!!!!!!!! total money: 30809820
!!!!!!!!!!!!!! zhuang times: 1417
!!!!!!!!!!!!!! xian times: 1295
!!!!!!!!!!!!!! earned money: 809820

!!!!!!!!!!!!!! total money: 29444540
!!!!!!!!!!!!!! zhuang times: 1348
!!!!!!!!!!!!!! xian times: 1366
!!!!!!!!!!!!!! earned money: -555460

!!!!!!!!!!!!!! total money: 30942120
!!!!!!!!!!!!!! zhuang times: 1439
!!!!!!!!!!!!!! xian times: 1303
!!!!!!!!!!!!!! earned money: 942120

!!!!!!!!!!!!!! total money: 29658200
!!!!!!!!!!!!!! zhuang times: 1362
!!!!!!!!!!!!!! xian times: 1358
!!!!!!!!!!!!!! earned money: -341800

!!!!!!!!!!!!!! total money: 29456670
!!!!!!!!!!!!!! zhuang times: 1340
!!!!!!!!!!!!!! xian times: 1357
!!!!!!!!!!!!!! earned money: -543330

!!!!!!!!!!!!!! total money: 30165760
!!!!!!!!!!!!!! zhuang times: 1386
!!!!!!!!!!!!!! xian times: 1330
!!!!!!!!!!!!!! earned money: 165760

!!!!!!!!!!!!!! total money: 30633480
!!!!!!!!!!!!!! zhuang times: 1411
!!!!!!!!!!!!!! xian times: 1307
!!!!!!!!!!!!!! earned money: 633480

!!!!!!!!!!!!!! total money: 29783690
!!!!!!!!!!!!!! zhuang times: 1373
!!!!!!!!!!!!!! xian times: 1356
!!!!!!!!!!!!!! earned money: -216310

!!!!!!!!!!!!!! total money: 30193190
!!!!!!!!!!!!!! zhuang times: 1394
!!!!!!!!!!!!!! xian times: 1335
!!!!!!!!!!!!!! earned money: 193190

!!!!!!!!!!!!!! total money: 29901810
!!!!!!!!!!!!!! zhuang times: 1375
!!!!!!!!!!!!!! xian times: 1346
!!!!!!!!!!!!!! earned money: -98190

!!!!!!!!!!!!!! total money: 30711480
!!!!!!!!!!!!!! zhuang times: 1415
!!!!!!!!!!!!!! xian times: 1303
!!!!!!!!!!!!!! earned money: 711480

!!!!!!!!!!!!!! total money: 30056690
!!!!!!!!!!!!!! zhuang times: 1387
!!!!!!!!!!!!!! xian times: 1342
!!!!!!!!!!!!!! earned money: 56690

!!!!!!!!!!!!!! total money: 29884270
!!!!!!!!!!!!!! zhuang times: 1367
!!!!!!!!!!!!!! xian times: 1340
!!!!!!!!!!!!!! earned money: -115730

!!!!!!!!!!!!!! total money: 30591960
!!!!!!!!!!!!!! zhuang times: 1418
!!!!!!!!!!!!!! xian times: 1318
!!!!!!!!!!!!!! earned money: 591960

!!!!!!!!!!!!!! total money: 30079830
!!!!!!!!!!!!!! zhuang times: 1375
!!!!!!!!!!!!!! xian times: 1328
!!!!!!!!!!!!!! earned money: 79830

!!!!!!!!!!!!!! total money: 30398920
!!!!!!!!!!!!!! zhuang times: 1401
!!!!!!!!!!!!!! xian times: 1321
!!!!!!!!!!!!!! earned money: 398920

!!!!!!!!!!!!!! total money: 29844710
!!!!!!!!!!!!!! zhuang times: 1367
!!!!!!!!!!!!!! xian times: 1344
!!!!!!!!!!!!!! earned money: -155290

!!!!!!!!!!!!!! total money: 30089440
!!!!!!!!!!!!!! zhuang times: 1376
!!!!!!!!!!!!!! xian times: 1328
!!!!!!!!!!!!!! earned money: 89440

!!!!!!!!!!!!!! total money: 30825400
!!!!!!!!!!!!!! zhuang times: 1432
!!!!!!!!!!!!!! xian times: 1308
!!!!!!!!!!!!!! earned money: 825400

!!!!!!!!!!!!!! total money: 29726870
!!!!!!!!!!!!!! zhuang times: 1364
!!!!!!!!!!!!!! xian times: 1353
!!!!!!!!!!!!!! earned money: -273130

!!!!!!!!!!!!!! total money: 30021610
!!!!!!!!!!!!!! zhuang times: 1371
!!!!!!!!!!!!!! xian times: 1330
!!!!!!!!!!!!!! earned money: 21610

!!!!!!!!!!!!!! total money: 30723610
!!!!!!!!!!!!!! zhuang times: 1407
!!!!!!!!!!!!!! xian times: 1294
!!!!!!!!!!!!!! earned money: 723610

!!!!!!!!!!!!!! total money: 30178450
!!!!!!!!!!!!!! zhuang times: 1376
!!!!!!!!!!!!!! xian times: 1319
!!!!!!!!!!!!!! earned money: 178450

!!!!!!!!!!!!!! total money: 30932510
!!!!!!!!!!!!!! zhuang times: 1438
!!!!!!!!!!!!!! xian times: 1303
!!!!!!!!!!!!!! earned money: 932510

!!!!!!!!!!!!!! total money: 29826610
!!!!!!!!!!!!!! zhuang times: 1361
!!!!!!!!!!!!!! xian times: 1340
!!!!!!!!!!!!!! earned money: -173390

!!!!!!!!!!!!!! total money: 30826520
!!!!!!!!!!!!!! zhuang times: 1428
!!!!!!!!!!!!!! xian times: 1304
!!!!!!!!!!!!!! earned money: 826520

!!!!!!!!!!!!!! total money: 29267920
!!!!!!!!!!!!!! zhuang times: 1343
!!!!!!!!!!!!!! xian times: 1379
!!!!!!!!!!!!!! earned money: -732080

!!!!!!!!!!!!!! total money: 29452470
!!!!!!!!!!!!!! zhuang times: 1355
!!!!!!!!!!!!!! xian times: 1372
!!!!!!!!!!!!!! earned money: -547530

!!!!!!!!!!!!!! total money: 29011340
!!!!!!!!!!!!!! zhuang times: 1341
!!!!!!!!!!!!!! xian times: 1403
!!!!!!!!!!!!!! earned money: -988660

!!!!!!!!!!!!!! total money: 29782850
!!!!!!!!!!!!!! zhuang times: 1376
!!!!!!!!!!!!!! xian times: 1359
!!!!!!!!!!!!!! earned money: -217150

!!!!!!!!!!!!!! total money: 29659880
!!!!!!!!!!!!!! zhuang times: 1356
!!!!!!!!!!!!!! xian times: 1352
!!!!!!!!!!!!!! earned money: -340120

!!!!!!!!!!!!!! total money: 30207000
!!!!!!!!!!!!!! zhuang times: 1380
!!!!!!!!!!!!!! xian times: 1320
!!!!!!!!!!!!!! earned money: 207000

!!!!!!!!!!!!!! total money: 30374850
!!!!!!!!!!!!!! zhuang times: 1381
!!!!!!!!!!!!!! xian times: 1304
!!!!!!!!!!!!!! earned money: 374850

!!!!!!!!!!!!!! total money: 29963670
!!!!!!!!!!!!!! zhuang times: 1366
!!!!!!!!!!!!!! xian times: 1331
!!!!!!!!!!!!!! earned money: -36330

!!!!!!!!!!!!!! total money: 30756730
!!!!!!!!!!!!!! zhuang times: 1430
!!!!!!!!!!!!!! xian times: 1313
!!!!!!!!!!!!!! earned money: 756730

!!!!!!!!!!!!!! total money: 29494830
!!!!!!!!!!!!!! zhuang times: 1345
!!!!!!!!!!!!!! xian times: 1358
!!!!!!!!!!!!!! earned money: -505170

!!!!!!!!!!!!!! total money: 30301420
!!!!!!!!!!!!!! zhuang times: 1396
!!!!!!!!!!!!!! xian times: 1326
!!!!!!!!!!!!!! earned money: 301420

!!!!!!!!!!!!!! total money: 29462640
!!!!!!!!!!!!!! zhuang times: 1354
!!!!!!!!!!!!!! xian times: 1370
!!!!!!!!!!!!!! earned money: -537360

!!!!!!!!!!!!!! total money: 31415440
!!!!!!!!!!!!!! zhuang times: 1444
!!!!!!!!!!!!!! xian times: 1260
!!!!!!!!!!!!!! earned money: 1415440

!!!!!!!!!!!!!! total money: 29815600
!!!!!!!!!!!!!! zhuang times: 1365
!!!!!!!!!!!!!! xian times: 1345
!!!!!!!!!!!!!! earned money: -184400

!!!!!!!!!!!!!! total money: 29464320
!!!!!!!!!!!!!! zhuang times: 1348
!!!!!!!!!!!!!! xian times: 1364
!!!!!!!!!!!!!! earned money: -535680

!!!!!!!!!!!!!! total money: 31031130
!!!!!!!!!!!!!! zhuang times: 1439
!!!!!!!!!!!!!! xian times: 1294
!!!!!!!!!!!!!! earned money: 1031130

!!!!!!!!!!!!!! total money: 30054450
!!!!!!!!!!!!!! zhuang times: 1395
!!!!!!!!!!!!!! xian times: 1350
!!!!!!!!!!!!!! earned money: 54450

!!!!!!!!!!!!!! total money: 29218470
!!!!!!!!!!!!!! zhuang times: 1343
!!!!!!!!!!!!!! xian times: 1384
!!!!!!!!!!!!!! earned money: -781530

!!!!!!!!!!!!!! total money: 29571710
!!!!!!!!!!!!!! zhuang times: 1353
!!!!!!!!!!!!!! xian times: 1358
!!!!!!!!!!!!!! earned money: -428290

!!!!!!!!!!!!!! total money: 30147660
!!!!!!!!!!!!!! zhuang times: 1380
!!!!!!!!!!!!!! xian times: 1326
!!!!!!!!!!!!!! earned money: 147660

!!!!!!!!!!!!!! total money: 29817280
!!!!!!!!!!!!!! zhuang times: 1359
!!!!!!!!!!!!!! xian times: 1339
!!!!!!!!!!!!!! earned money: -182720

!!!!!!!!!!!!!! total money: 30536820
!!!!!!!!!!!!!! zhuang times: 1403
!!!!!!!!!!!!!! xian times: 1309
!!!!!!!!!!!!!! earned money: 536820

!!!!!!!!!!!!!! total money: 30192350
!!!!!!!!!!!!!! zhuang times: 1397
!!!!!!!!!!!!!! xian times: 1338
!!!!!!!!!!!!!! earned money: 192350

!!!!!!!!!!!!!! total money: 30809540
!!!!!!!!!!!!!! zhuang times: 1418
!!!!!!!!!!!!!! xian times: 1296
!!!!!!!!!!!!!! earned money: 809540

!!!!!!!!!!!!!! total money: 28986150
!!!!!!!!!!!!!! zhuang times: 1325
!!!!!!!!!!!!!! xian times: 1390
!!!!!!!!!!!!!! earned money: -1013850

!!!!!!!!!!!!!! total money: 30887540
!!!!!!!!!!!!!! zhuang times: 1422
!!!!!!!!!!!!!! xian times: 1292
!!!!!!!!!!!!!! earned money: 887540

!!!!!!!!!!!!!! total money: 29473650
!!!!!!!!!!!!!! zhuang times: 1350
!!!!!!!!!!!!!! xian times: 1365
!!!!!!!!!!!!!! earned money: -526350

!!!!!!!!!!!!!! total money: 30239000
!!!!!!!!!!!!!! zhuang times: 1407
!!!!!!!!!!!!!! xian times: 1343
!!!!!!!!!!!!!! earned money: 239000

!!!!!!!!!!!!!! total money: 30411050
!!!!!!!!!!!!!! zhuang times: 1393
!!!!!!!!!!!!!! xian times: 1312
!!!!!!!!!!!!!! earned money: 411050

!!!!!!!!!!!!!! total money: 30337340
!!!!!!!!!!!!!! zhuang times: 1409
!!!!!!!!!!!!!! xian times: 1335
!!!!!!!!!!!!!! earned money: 337340

!!!!!!!!!!!!!! total money: 29378670
!!!!!!!!!!!!!! zhuang times: 1336
!!!!!!!!!!!!!! xian times: 1361
!!!!!!!!!!!!!! earned money: -621330

!!!!!!!!!!!!!! total money: 30446690
!!!!!!!!!!!!!! zhuang times: 1407
!!!!!!!!!!!!!! xian times: 1322
!!!!!!!!!!!!!! earned money: 446690

!!!!!!!!!!!!!! total money: 29795820
!!!!!!!!!!!!!! zhuang times: 1365
!!!!!!!!!!!!!! xian times: 1347
!!!!!!!!!!!!!! earned money: -204180

!!!!!!!!!!!!!! total money: 29475890
!!!!!!!!!!!!!! zhuang times: 1342
!!!!!!!!!!!!!! xian times: 1357
!!!!!!!!!!!!!! earned money: -524110

!!!!!!!!!!!!!! total money: 29515450
!!!!!!!!!!!!!! zhuang times: 1342
!!!!!!!!!!!!!! xian times: 1353
!!!!!!!!!!!!!! earned money: -484550

!!!!!!!!!!!!!! total money: 29753740
!!!!!!!!!!!!!! zhuang times: 1374
!!!!!!!!!!!!!! xian times: 1360
!!!!!!!!!!!!!! earned money: -246260

!!!!!!!!!!!!!! total money: 31154570
!!!!!!!!!!!!!! zhuang times: 1422
!!!!!!!!!!!!!! xian times: 1265
!!!!!!!!!!!!!! earned money: 1154570

!!!!!!!!!!!!!! total money: 30411050
!!!!!!!!!!!!!! zhuang times: 1393
!!!!!!!!!!!!!! xian times: 1312
!!!!!!!!!!!!!! earned money: 411050

!!!!!!!!!!!!!! total money: 30461990
!!!!!!!!!!!!!! zhuang times: 1423
!!!!!!!!!!!!!! xian times: 1336
!!!!!!!!!!!!!! earned money: 461990

!!!!!!!!!!!!!! total money: 30381940
!!!!!!!!!!!!!! zhuang times: 1391
!!!!!!!!!!!!!! xian times: 1313
!!!!!!!!!!!!!! earned money: 381940

!!!!!!!!!!!!!! total money: 29833140
!!!!!!!!!!!!!! zhuang times: 1373
!!!!!!!!!!!!!! xian times: 1351
!!!!!!!!!!!!!! earned money: -166860

!!!!!!!!!!!!!! total money: 30516480
!!!!!!!!!!!!!! zhuang times: 1405
!!!!!!!!!!!!!! xian times: 1313
!!!!!!!!!!!!!! earned money: 516480

!!!!!!!!!!!!!! total money: 29620320
!!!!!!!!!!!!!! zhuang times: 1356
!!!!!!!!!!!!!! xian times: 1356
!!!!!!!!!!!!!! earned money: -379680

!!!!!!!!!!!!!! total money: 31216800
!!!!!!!!!!!!!! zhuang times: 1447
!!!!!!!!!!!!!! xian times: 1283
!!!!!!!!!!!!!! earned money: 1216800

!!!!!!!!!!!!!! total money: 30870000
!!!!!!!!!!!!!! zhuang times: 1414
!!!!!!!!!!!!!! xian times: 1286
!!!!!!!!!!!!!! earned money: 870000

!!!!!!!!!!!!!! total money: 31032250
!!!!!!!!!!!!!! zhuang times: 1435
!!!!!!!!!!!!!! xian times: 1290
!!!!!!!!!!!!!! earned money: 1032250

!!!!!!!!!!!!!! total money: 29894440
!!!!!!!!!!!!!! zhuang times: 1366
!!!!!!!!!!!!!! xian times: 1338
!!!!!!!!!!!!!! earned money: -105560

!!!!!!!!!!!!!! total money: 29113600
!!!!!!!!!!!!!! zhuang times: 1329
!!!!!!!!!!!!!! xian times: 1381
!!!!!!!!!!!!!! earned money: -886400

!!!!!!!!!!!!!! total money: 29755700
!!!!!!!!!!!!!! zhuang times: 1367
!!!!!!!!!!!!!! xian times: 1353
!!!!!!!!!!!!!! earned money: -244300

!!!!!!!!!!!!!! total money: 30752160
!!!!!!!!!!!!!! zhuang times: 1411
!!!!!!!!!!!!!! xian times: 1295
!!!!!!!!!!!!!! earned money: 752160

!!!!!!!!!!!!!! total money: 29650550
!!!!!!!!!!!!!! zhuang times: 1354
!!!!!!!!!!!!!! xian times: 1351
!!!!!!!!!!!!!! earned money: -349450

!!!!!!!!!!!!!! total money: 30206440
!!!!!!!!!!!!!! zhuang times: 1382
!!!!!!!!!!!!!! xian times: 1322
!!!!!!!!!!!!!! earned money: 206440

!!!!!!!!!!!!!! total money: 29804870
!!!!!!!!!!!!!! zhuang times: 1368
!!!!!!!!!!!!!! xian times: 1349
!!!!!!!!!!!!!! earned money: -195130

!!!!!!!!!!!!!! total money: 30059490
!!!!!!!!!!!!!! zhuang times: 1377
!!!!!!!!!!!!!! xian times: 1332
!!!!!!!!!!!!!! earned money: 59490

!!!!!!!!!!!!!! total money: 29587290
!!!!!!!!!!!!!! zhuang times: 1368
!!!!!!!!!!!!!! xian times: 1371
!!!!!!!!!!!!!! earned money: -412710

!!!!!!!!!!!!!! total money: 29541480
!!!!!!!!!!!!!! zhuang times: 1355
!!!!!!!!!!!!!! xian times: 1363
!!!!!!!!!!!!!! earned money: -458520

!!!!!!!!!!!!!! total money: 29840140
!!!!!!!!!!!!!! zhuang times: 1348
!!!!!!!!!!!!!! xian times: 1326
!!!!!!!!!!!!!! earned money: -159860

!!!!!!!!!!!!!! total money: 29881470
!!!!!!!!!!!!!! zhuang times: 1377
!!!!!!!!!!!!!! xian times: 1350
!!!!!!!!!!!!!! earned money: -118530

!!!!!!!!!!!!!! total money: 30041110
!!!!!!!!!!!!!! zhuang times: 1372
!!!!!!!!!!!!!! xian times: 1329
!!!!!!!!!!!!!! earned money: 41110

!!!!!!!!!!!!!! total money: 29792180
!!!!!!!!!!!!!! zhuang times: 1378
!!!!!!!!!!!!!! xian times: 1360
!!!!!!!!!!!!!! earned money: -207820

!!!!!!!!!!!!!! total money: 29736480
!!!!!!!!!!!!!! zhuang times: 1365
!!!!!!!!!!!!!! xian times: 1353
!!!!!!!!!!!!!! earned money: -263520

!!!!!!!!!!!!!! total money: 29965630
!!!!!!!!!!!!!! zhuang times: 1359
!!!!!!!!!!!!!! xian times: 1324
!!!!!!!!!!!!!! earned money: -34370

!!!!!!!!!!!!!! total money: 28983350
!!!!!!!!!!!!!! zhuang times: 1335
!!!!!!!!!!!!!! xian times: 1400
!!!!!!!!!!!!!! earned money: -1016650

!!!!!!!!!!!!!! total money: 30749080
!!!!!!!!!!!!!! zhuang times: 1422
!!!!!!!!!!!!!! xian times: 1306
!!!!!!!!!!!!!! earned money: 749080

!!!!!!!!!!!!!! total money: 30514240
!!!!!!!!!!!!!! zhuang times: 1413
!!!!!!!!!!!!!! xian times: 1321
!!!!!!!!!!!!!! earned money: 514240

!!!!!!!!!!!!!! total money: 30357960
!!!!!!!!!!!!!! zhuang times: 1406
!!!!!!!!!!!!!! xian times: 1330
!!!!!!!!!!!!!! earned money: 357960

!!!!!!!!!!!!!! total money: 30313830
!!!!!!!!!!!!!! zhuang times: 1387
!!!!!!!!!!!!!! xian times: 1316
!!!!!!!!!!!!!! earned money: 313830

!!!!!!!!!!!!!! total money: 29540080
!!!!!!!!!!!!!! zhuang times: 1360
!!!!!!!!!!!!!! xian times: 1368
!!!!!!!!!!!!!! earned money: -459920

!!!!!!!!!!!!!! total money: 29851520
!!!!!!!!!!!!!! zhuang times: 1378
!!!!!!!!!!!!!! xian times: 1354
!!!!!!!!!!!!!! earned money: -148480

!!!!!!!!!!!!!! total money: 30410770
!!!!!!!!!!!!!! zhuang times: 1394
!!!!!!!!!!!!!! xian times: 1313
!!!!!!!!!!!!!! earned money: 410770

!!!!!!!!!!!!!! total money: 30102130
!!!!!!!!!!!!!! zhuang times: 1366
!!!!!!!!!!!!!! xian times: 1317
!!!!!!!!!!!!!! earned money: 102130

!!!!!!!!!!!!!! total money: 30634600
!!!!!!!!!!!!!! zhuang times: 1407
!!!!!!!!!!!!!! xian times: 1303
!!!!!!!!!!!!!! earned money: 634600

!!!!!!!!!!!!!! total money: 30563690
!!!!!!!!!!!!!! zhuang times: 1413
!!!!!!!!!!!!!! xian times: 1316
!!!!!!!!!!!!!! earned money: 563690

!!!!!!!!!!!!!! total money: 29247580
!!!!!!!!!!!!!! zhuang times: 1345
!!!!!!!!!!!!!! xian times: 1383
!!!!!!!!!!!!!! earned money: -752420

!!!!!!!!!!!!!! total money: 29970480
!!!!!!!!!!!!!! zhuang times: 1377
!!!!!!!!!!!!!! xian times: 1341
!!!!!!!!!!!!!! earned money: -29520

!!!!!!!!!!!!!! total money: 30302820
!!!!!!!!!!!!!! zhuang times: 1391
!!!!!!!!!!!!!! xian times: 1321
!!!!!!!!!!!!!! earned money: 302820

!!!!!!!!!!!!!! total money: 30071060
!!!!!!!!!!!!!! zhuang times: 1371
!!!!!!!!!!!!!! xian times: 1325
!!!!!!!!!!!!!! earned money: 71060

!!!!!!!!!!!!!! total money: 30178730
!!!!!!!!!!!!!! zhuang times: 1375
!!!!!!!!!!!!!! xian times: 1318
!!!!!!!!!!!!!! earned money: 178730

!!!!!!!!!!!!!! total money: 29685630
!!!!!!!!!!!!!! zhuang times: 1370
!!!!!!!!!!!!!! xian times: 1363
!!!!!!!!!!!!!! earned money: -314370

!!!!!!!!!!!!!! total money: 29900970
!!!!!!!!!!!!!! zhuang times: 1378
!!!!!!!!!!!!!! xian times: 1349
!!!!!!!!!!!!!! earned money: -99030

!!!!!!!!!!!!!! total money: 29913100
!!!!!!!!!!!!!! zhuang times: 1370
!!!!!!!!!!!!!! xian times: 1340
!!!!!!!!!!!!!! earned money: -86900

!!!!!!!!!!!!!! total money: 30273710
!!!!!!!!!!!!!! zhuang times: 1389
!!!!!!!!!!!!!! xian times: 1322
!!!!!!!!!!!!!! earned money: 273710

!!!!!!!!!!!!!! total money: 30739190
!!!!!!!!!!!!!! zhuang times: 1422
!!!!!!!!!!!!!! xian times: 1307
!!!!!!!!!!!!!! earned money: 739190

!!!!!!!!!!!!!! total money: 29346480
!!!!!!!!!!!!!! zhuang times: 1345
!!!!!!!!!!!!!! xian times: 1373
!!!!!!!!!!!!!! earned money: -653520

!!!!!!!!!!!!!! total money: 30603250
!!!!!!!!!!!!!! zhuang times: 1413
!!!!!!!!!!!!!! xian times: 1312
!!!!!!!!!!!!!! earned money: 603250

!!!!!!!!!!!!!! total money: 29013580
!!!!!!!!!!!!!! zhuang times: 1333
!!!!!!!!!!!!!! xian times: 1395
!!!!!!!!!!!!!! earned money: -986420

!!!!!!!!!!!!!! total money: 30407410
!!!!!!!!!!!!!! zhuang times: 1406
!!!!!!!!!!!!!! xian times: 1325
!!!!!!!!!!!!!! earned money: 407410

!!!!!!!!!!!!!! total money: 30935030
!!!!!!!!!!!!!! zhuang times: 1429
!!!!!!!!!!!!!! xian times: 1294
!!!!!!!!!!!!!! earned money: 935030

!!!!!!!!!!!!!! total money: 29979810
!!!!!!!!!!!!!! zhuang times: 1379
!!!!!!!!!!!!!! xian times: 1342
!!!!!!!!!!!!!! earned money: -20190

!!!!!!!!!!!!!! total money: 29675180
!!!!!!!!!!!!!! zhuang times: 1372
!!!!!!!!!!!!!! xian times: 1366
!!!!!!!!!!!!!! earned money: -324820

!!!!!!!!!!!!!! total money: 30174530
!!!!!!!!!!!!!! zhuang times: 1390
!!!!!!!!!!!!!! xian times: 1333
!!!!!!!!!!!!!! earned money: 174530

!!!!!!!!!!!!!! total money: 29922990
!!!!!!!!!!!!!! zhuang times: 1370
!!!!!!!!!!!!!! xian times: 1339
!!!!!!!!!!!!!! earned money: -77010

!!!!!!!!!!!!!! total money: 30165760
!!!!!!!!!!!!!! zhuang times: 1386
!!!!!!!!!!!!!! xian times: 1330
!!!!!!!!!!!!!! earned money: 165760

!!!!!!!!!!!!!! total money: 31150930
!!!!!!!!!!!!!! zhuang times: 1435
!!!!!!!!!!!!!! xian times: 1278
!!!!!!!!!!!!!! earned money: 1150930

!!!!!!!!!!!!!! total money: 30057810
!!!!!!!!!!!!!! zhuang times: 1383
!!!!!!!!!!!!!! xian times: 1338
!!!!!!!!!!!!!! earned money: 57810

!!!!!!!!!!!!!! total money: 30140010
!!!!!!!!!!!!!! zhuang times: 1372
!!!!!!!!!!!!!! xian times: 1319
!!!!!!!!!!!!!! earned money: 140010

!!!!!!!!!!!!!! total money: 29932880
!!!!!!!!!!!!!! zhuang times: 1370
!!!!!!!!!!!!!! xian times: 1338
!!!!!!!!!!!!!! earned money: -67120

!!!!!!!!!!!!!! total money: 29952660
!!!!!!!!!!!!!! zhuang times: 1370
!!!!!!!!!!!!!! xian times: 1336
!!!!!!!!!!!!!! earned money: -47340

!!!!!!!!!!!!!! total money: 29713620
!!!!!!!!!!!!!! zhuang times: 1376
!!!!!!!!!!!!!! xian times: 1366
!!!!!!!!!!!!!! earned money: -286380

!!!!!!!!!!!!!! total money: 30204480
!!!!!!!!!!!!!! zhuang times: 1389
!!!!!!!!!!!!!! xian times: 1329
!!!!!!!!!!!!!! earned money: 204480

!!!!!!!!!!!!!! total money: 29038400
!!!!!!!!!!!!!! zhuang times: 1315
!!!!!!!!!!!!!! xian times: 1375
!!!!!!!!!!!!!! earned money: -961600

!!!!!!!!!!!!!! total money: 30096810
!!!!!!!!!!!!!! zhuang times: 1385
!!!!!!!!!!!!!! xian times: 1336
!!!!!!!!!!!!!! earned money: 96810

!!!!!!!!!!!!!! total money: 29434370
!!!!!!!!!!!!!! zhuang times: 1349
!!!!!!!!!!!!!! xian times: 1368
!!!!!!!!!!!!!! earned money: -565630

!!!!!!!!!!!!!! total money: 29657920
!!!!!!!!!!!!!! zhuang times: 1363
!!!!!!!!!!!!!! xian times: 1359
!!!!!!!!!!!!!! earned money: -342080

!!!!!!!!!!!!!! total money: 30556600
!!!!!!!!!!!!!! zhuang times: 1403
!!!!!!!!!!!!!! xian times: 1307
!!!!!!!!!!!!!! earned money: 556600

!!!!!!!!!!!!!! total money: 30351430
!!!!!!!!!!!!!! zhuang times: 1394
!!!!!!!!!!!!!! xian times: 1319
!!!!!!!!!!!!!! earned money: 351430

!!!!!!!!!!!!!! total money: 29982890
!!!!!!!!!!!!!! zhuang times: 1368
!!!!!!!!!!!!!! xian times: 1331
!!!!!!!!!!!!!! earned money: -17110

!!!!!!!!!!!!!! total money: 30026740
!!!!!!!!!!!!!! zhuang times: 1388
!!!!!!!!!!!!!! xian times: 1346
!!!!!!!!!!!!!! earned money: 26740

!!!!!!!!!!!!!! total money: 29560140
!!!!!!!!!!!!!! zhuang times: 1359
!!!!!!!!!!!!!! xian times: 1365
!!!!!!!!!!!!!! earned money: -439860

!!!!!!!!!!!!!! total money: 29871580
!!!!!!!!!!!!!! zhuang times: 1377
!!!!!!!!!!!!!! xian times: 1351
!!!!!!!!!!!!!! earned money: -128420

!!!!!!!!!!!!!! total money: 30350310
!!!!!!!!!!!!!! zhuang times: 1398
!!!!!!!!!!!!!! xian times: 1323
!!!!!!!!!!!!!! earned money: 350310

!!!!!!!!!!!!!! total money: 29602500
!!!!!!!!!!!!!! zhuang times: 1349
!!!!!!!!!!!!!! xian times: 1351
!!!!!!!!!!!!!! earned money: -397500

!!!!!!!!!!!!!! total money: 30367570
!!!!!!!!!!!!!! zhuang times: 1407
!!!!!!!!!!!!!! xian times: 1330
!!!!!!!!!!!!!! earned money: 367570

!!!!!!!!!!!!!! total money: 30975430
!!!!!!!!!!!!!! zhuang times: 1426
!!!!!!!!!!!!!! xian times: 1287
!!!!!!!!!!!!!! earned money: 975430

!!!!!!!!!!!!!! total money: 30250850
!!!!!!!!!!!!!! zhuang times: 1400
!!!!!!!!!!!!!! xian times: 1335
!!!!!!!!!!!!!! earned money: 250850

!!!!!!!!!!!!!! total money: 29324180
!!!!!!!!!!!!!! zhuang times: 1354
!!!!!!!!!!!!!! xian times: 1384
!!!!!!!!!!!!!! earned money: -675820

!!!!!!!!!!!!!! total money: 29323620
!!!!!!!!!!!!!! zhuang times: 1356
!!!!!!!!!!!!!! xian times: 1386
!!!!!!!!!!!!!! earned money: -676380

!!!!!!!!!!!!!! total money: 30398080
!!!!!!!!!!!!!! zhuang times: 1404
!!!!!!!!!!!!!! xian times: 1324
!!!!!!!!!!!!!! earned money: 398080

!!!!!!!!!!!!!! total money: 30930180
!!!!!!!!!!!!!! zhuang times: 1411
!!!!!!!!!!!!!! xian times: 1277
!!!!!!!!!!!!!! earned money: 930180

!!!!!!!!!!!!!! total money: 30192630
!!!!!!!!!!!!!! zhuang times: 1396
!!!!!!!!!!!!!! xian times: 1337
!!!!!!!!!!!!!! earned money: 192630

!!!!!!!!!!!!!! total money: 30429150
!!!!!!!!!!!!!! zhuang times: 1399
!!!!!!!!!!!!!! xian times: 1316
!!!!!!!!!!!!!! earned money: 429150

!!!!!!!!!!!!!! total money: 30407690
!!!!!!!!!!!!!! zhuang times: 1405
!!!!!!!!!!!!!! xian times: 1324
!!!!!!!!!!!!!! earned money: 407690

!!!!!!!!!!!!!! total money: 30097930
!!!!!!!!!!!!!! zhuang times: 1381
!!!!!!!!!!!!!! xian times: 1332
!!!!!!!!!!!!!! earned money: 97930

!!!!!!!!!!!!!! total money: 30049600
!!!!!!!!!!!!!! zhuang times: 1377
!!!!!!!!!!!!!! xian times: 1333
!!!!!!!!!!!!!! earned money: 49600

!!!!!!!!!!!!!! total money: 30964700
!!!!!!!!!!!!!! zhuang times: 1429
!!!!!!!!!!!!!! xian times: 1291
!!!!!!!!!!!!!! earned money: 964700

!!!!!!!!!!!!!! total money: 30328850
!!!!!!!!!!!!!! zhuang times: 1404
!!!!!!!!!!!!!! xian times: 1331
!!!!!!!!!!!!!! earned money: 328850

!!!!!!!!!!!!!! total money: 30508830
!!!!!!!!!!!!!! zhuang times: 1397
!!!!!!!!!!!!!! xian times: 1306
!!!!!!!!!!!!!! earned money: 508830

!!!!!!!!!!!!!! total money: 29581040
!!!!!!!!!!!!!! zhuang times: 1355
!!!!!!!!!!!!!! xian times: 1359
!!!!!!!!!!!!!! earned money: -418960

!!!!!!!!!!!!!! total money: 29828850
!!!!!!!!!!!!!! zhuang times: 1353
!!!!!!!!!!!!!! xian times: 1332
!!!!!!!!!!!!!! earned money: -171150

!!!!!!!!!!!!!! total money: 29417110
!!!!!!!!!!!!!! zhuang times: 1340
!!!!!!!!!!!!!! xian times: 1361
!!!!!!!!!!!!!! earned money: -582890

!!!!!!!!!!!!!! total money: 30245440
!!!!!!!!!!!!!! zhuang times: 1384
!!!!!!!!!!!!!! xian times: 1320
!!!!!!!!!!!!!! earned money: 245440

!!!!!!!!!!!!!! total money: 29429520
!!!!!!!!!!!!!! zhuang times: 1331
!!!!!!!!!!!!!! xian times: 1351
!!!!!!!!!!!!!! earned money: -570480

!!!!!!!!!!!!!! total money: 29849280
!!!!!!!!!!!!!! zhuang times: 1386
!!!!!!!!!!!!!! xian times: 1362
!!!!!!!!!!!!!! earned money: -150720

!!!!!!!!!!!!!! total money: 30076470
!!!!!!!!!!!!!! zhuang times: 1387
!!!!!!!!!!!!!! xian times: 1340
!!!!!!!!!!!!!! earned money: 76470

!!!!!!!!!!!!!! total money: 29768670
!!!!!!!!!!!!!! zhuang times: 1356
!!!!!!!!!!!!!! xian times: 1341
!!!!!!!!!!!!!! earned money: -231330

!!!!!!!!!!!!!! total money: 29315690
!!!!!!!!!!!!!! zhuang times: 1349
!!!!!!!!!!!!!! xian times: 1380
!!!!!!!!!!!!!! earned money: -684310

!!!!!!!!!!!!!! total money: 31074050
!!!!!!!!!!!!!! zhuang times: 1427
!!!!!!!!!!!!!! xian times: 1278
!!!!!!!!!!!!!! earned money: 1074050

!!!!!!!!!!!!!! total money: 30079270
!!!!!!!!!!!!!! zhuang times: 1377
!!!!!!!!!!!!!! xian times: 1330
!!!!!!!!!!!!!! earned money: 79270

!!!!!!!!!!!!!! total money: 29599700
!!!!!!!!!!!!!! zhuang times: 1359
!!!!!!!!!!!!!! xian times: 1361
!!!!!!!!!!!!!! earned money: -400300

!!!!!!!!!!!!!! total money: 30098490
!!!!!!!!!!!!!! zhuang times: 1379
!!!!!!!!!!!!!! xian times: 1330
!!!!!!!!!!!!!! earned money: 98490

!!!!!!!!!!!!!! total money: 30261860
!!!!!!!!!!!!!! zhuang times: 1396
!!!!!!!!!!!!!! xian times: 1330
!!!!!!!!!!!!!! earned money: 261860

!!!!!!!!!!!!!! total money: 30554360
!!!!!!!!!!!!!! zhuang times: 1411
!!!!!!!!!!!!!! xian times: 1315
!!!!!!!!!!!!!! earned money: 554360

!!!!!!!!!!!!!! total money: 29855440
!!!!!!!!!!!!!! zhuang times: 1364
!!!!!!!!!!!!!! xian times: 1340
!!!!!!!!!!!!!! earned money: -144560

!!!!!!!!!!!!!! total money: 29749730
!!!!!!!!!!!!!! zhuang times: 1353
!!!!!!!!!!!!!! xian times: 1340
!!!!!!!!!!!!!! earned money: -250270

!!!!!!!!!!!!!! total money: 30446410
!!!!!!!!!!!!!! zhuang times: 1408
!!!!!!!!!!!!!! xian times: 1323
!!!!!!!!!!!!!! earned money: 446410

!!!!!!!!!!!!!! total money: 30269790
!!!!!!!!!!!!!! zhuang times: 1403
!!!!!!!!!!!!!! xian times: 1336
!!!!!!!!!!!!!! earned money: 269790

!!!!!!!!!!!!!! total money: 29611270
!!!!!!!!!!!!!! zhuang times: 1353
!!!!!!!!!!!!!! xian times: 1354
!!!!!!!!!!!!!! earned money: -388730

!!!!!!!!!!!!!! total money: 29583280
!!!!!!!!!!!!!! zhuang times: 1347
!!!!!!!!!!!!!! xian times: 1351
!!!!!!!!!!!!!! earned money: -416720

!!!!!!!!!!!!!! total money: 29837900
!!!!!!!!!!!!!! zhuang times: 1356
!!!!!!!!!!!!!! xian times: 1334
!!!!!!!!!!!!!! earned money: -162100

!!!!!!!!!!!!!! total money: 29794140
!!!!!!!!!!!!!! zhuang times: 1371
!!!!!!!!!!!!!! xian times: 1353
!!!!!!!!!!!!!! earned money: -205860

!!!!!!!!!!!!!! total money: 30583190
!!!!!!!!!!!!!! zhuang times: 1414
!!!!!!!!!!!!!! xian times: 1315
!!!!!!!!!!!!!! earned money: 583190

!!!!!!!!!!!!!! total money: 29831740
!!!!!!!!!!!!!! zhuang times: 1378
!!!!!!!!!!!!!! xian times: 1356
!!!!!!!!!!!!!! earned money: -168260

!!!!!!!!!!!!!! total money: 29660160
!!!!!!!!!!!!!! zhuang times: 1355
!!!!!!!!!!!!!! xian times: 1351
!!!!!!!!!!!!!! earned money: -339840

!!!!!!!!!!!!!! total money: 31440910
!!!!!!!!!!!!!! zhuang times: 1459
!!!!!!!!!!!!!! xian times: 1272
!!!!!!!!!!!!!! earned money: 1440910

!!!!!!!!!!!!!! total money: 29937170
!!!!!!!!!!!!!! zhuang times: 1390
!!!!!!!!!!!!!! xian times: 1357
!!!!!!!!!!!!!! earned money: -62830

!!!!!!!!!!!!!! total money: 29802630
!!!!!!!!!!!!!! zhuang times: 1376
!!!!!!!!!!!!!! xian times: 1357
!!!!!!!!!!!!!! earned money: -197370

!!!!!!!!!!!!!! total money: 28752990
!!!!!!!!!!!!!! zhuang times: 1310
!!!!!!!!!!!!!! xian times: 1399
!!!!!!!!!!!!!! earned money: -1247010

!!!!!!!!!!!!!! total money: 30711200
!!!!!!!!!!!!!! zhuang times: 1416
!!!!!!!!!!!!!! xian times: 1304
!!!!!!!!!!!!!! earned money: 711200

!!!!!!!!!!!!!! total money: 30413570
!!!!!!!!!!!!!! zhuang times: 1384
!!!!!!!!!!!!!! xian times: 1303
!!!!!!!!!!!!!! earned money: 413570

!!!!!!!!!!!!!! total money: 30596720
!!!!!!!!!!!!!! zhuang times: 1401
!!!!!!!!!!!!!! xian times: 1301
!!!!!!!!!!!!!! earned money: 596720

!!!!!!!!!!!!!! total money: 29325300
!!!!!!!!!!!!!! zhuang times: 1350
!!!!!!!!!!!!!! xian times: 1380
!!!!!!!!!!!!!! earned money: -674700

!!!!!!!!!!!!!! total money: 30496980
!!!!!!!!!!!!!! zhuang times: 1404
!!!!!!!!!!!!!! xian times: 1314
!!!!!!!!!!!!!! earned money: 496980

!!!!!!!!!!!!!! total money: 29639820
!!!!!!!!!!!!!! zhuang times: 1357
!!!!!!!!!!!!!! xian times: 1355
!!!!!!!!!!!!!! earned money: -360180

!!!!!!!!!!!!!! total money: 29159970
!!!!!!!!!!!!!! zhuang times: 1340
!!!!!!!!!!!!!! xian times: 1387
!!!!!!!!!!!!!! earned money: -840030

!!!!!!!!!!!!!! total money: 29537750
!!!!!!!!!!!!!! zhuang times: 1333
!!!!!!!!!!!!!! xian times: 1342
!!!!!!!!!!!!!! earned money: -462250

!!!!!!!!!!!!!! total money: 29833700
!!!!!!!!!!!!!! zhuang times: 1371
!!!!!!!!!!!!!! xian times: 1349
!!!!!!!!!!!!!! earned money: -166300

!!!!!!!!!!!!!! total money: 30532900
!!!!!!!!!!!!!! zhuang times: 1417
!!!!!!!!!!!!!! xian times: 1323
!!!!!!!!!!!!!! earned money: 532900

!!!!!!!!!!!!!! total money: 30406290
!!!!!!!!!!!!!! zhuang times: 1410
!!!!!!!!!!!!!! xian times: 1329
!!!!!!!!!!!!!! earned money: 406290

!!!!!!!!!!!!!! total money: 30291810
!!!!!!!!!!!!!! zhuang times: 1395
!!!!!!!!!!!!!! xian times: 1326
!!!!!!!!!!!!!! earned money: 291810

!!!!!!!!!!!!!! total money: 30038870
!!!!!!!!!!!!!! zhuang times: 1380
!!!!!!!!!!!!!! xian times: 1337
!!!!!!!!!!!!!! earned money: 38870

!!!!!!!!!!!!!! total money: 30715120
!!!!!!!!!!!!!! zhuang times: 1402
!!!!!!!!!!!!!! xian times: 1290
!!!!!!!!!!!!!! earned money: 715120

!!!!!!!!!!!!!! total money: 30930180
!!!!!!!!!!!!!! zhuang times: 1411
!!!!!!!!!!!!!! xian times: 1277
!!!!!!!!!!!!!! earned money: 930180

!!!!!!!!!!!!!! total money: 29839670
!!!!!!!!!!!!!! zhuang times: 1385
!!!!!!!!!!!!!! xian times: 1362
!!!!!!!!!!!!!! earned money: -160330

!!!!!!!!!!!!!! total money: 30214090
!!!!!!!!!!!!!! zhuang times: 1390
!!!!!!!!!!!!!! xian times: 1329
!!!!!!!!!!!!!! earned money: 214090

!!!!!!!!!!!!!! total money: 30133570
!!!!!!!!!!!!!! zhuang times: 1395
!!!!!!!!!!!!!! xian times: 1342
!!!!!!!!!!!!!! earned money: 133570

!!!!!!!!!!!!!! total money: 30460500
!!!!!!!!!!!!!! zhuang times: 1393
!!!!!!!!!!!!!! xian times: 1307
!!!!!!!!!!!!!! earned money: 460500

!!!!!!!!!!!!!! total money: 29736480
!!!!!!!!!!!!!! zhuang times: 1365
!!!!!!!!!!!!!! xian times: 1353
!!!!!!!!!!!!!! earned money: -263520

!!!!!!!!!!!!!! total money: 30897430
!!!!!!!!!!!!!! zhuang times: 1422
!!!!!!!!!!!!!! xian times: 1291
!!!!!!!!!!!!!! earned money: 897430

!!!!!!!!!!!!!! total money: 29636180
!!!!!!!!!!!!!! zhuang times: 1370
!!!!!!!!!!!!!! xian times: 1368
!!!!!!!!!!!!!! earned money: -363820

!!!!!!!!!!!!!! total money: 29776600
!!!!!!!!!!!!!! zhuang times: 1363
!!!!!!!!!!!!!! xian times: 1347
!!!!!!!!!!!!!! earned money: -223400

!!!!!!!!!!!!!! total money: 29315130
!!!!!!!!!!!!!! zhuang times: 1351
!!!!!!!!!!!!!! xian times: 1382
!!!!!!!!!!!!!! earned money: -684870

!!!!!!!!!!!!!! total money: 29484380
!!!!!!!!!!!!!! zhuang times: 1347
!!!!!!!!!!!!!! xian times: 1361
!!!!!!!!!!!!!! earned money: -515620

!!!!!!!!!!!!!! total money: 30603530
!!!!!!!!!!!!!! zhuang times: 1412
!!!!!!!!!!!!!! xian times: 1311
!!!!!!!!!!!!!! earned money: 603530

!!!!!!!!!!!!!! total money: 28830990
!!!!!!!!!!!!!! zhuang times: 1314
!!!!!!!!!!!!!! xian times: 1395
!!!!!!!!!!!!!! earned money: -1169010

!!!!!!!!!!!!!! total money: 30145700
!!!!!!!!!!!!!! zhuang times: 1387
!!!!!!!!!!!!!! xian times: 1333
!!!!!!!!!!!!!! earned money: 145700

!!!!!!!!!!!!!! total money: 29629370
!!!!!!!!!!!!!! zhuang times: 1359
!!!!!!!!!!!!!! xian times: 1358
!!!!!!!!!!!!!! earned money: -370630

!!!!!!!!!!!!!! total money: 30183580
!!!!!!!!!!!!!! zhuang times: 1393
!!!!!!!!!!!!!! xian times: 1335
!!!!!!!!!!!!!! earned money: 183580

!!!!!!!!!!!!!! total money: 30001550
!!!!!!!!!!!!!! zhuang times: 1372
!!!!!!!!!!!!!! xian times: 1333
!!!!!!!!!!!!!! earned money: 1550

!!!!!!!!!!!!!! total money: 29940530
!!!!!!!!!!!!!! zhuang times: 1378
!!!!!!!!!!!!!! xian times: 1345
!!!!!!!!!!!!!! earned money: -59470

!!!!!!!!!!!!!! total money: 30407970
!!!!!!!!!!!!!! zhuang times: 1404
!!!!!!!!!!!!!! xian times: 1323
!!!!!!!!!!!!!! earned money: 407970

!!!!!!!!!!!!!! total money: 29566390
!!!!!!!!!!!!!! zhuang times: 1372
!!!!!!!!!!!!!! xian times: 1377
!!!!!!!!!!!!!! earned money: -433610

!!!!!!!!!!!!!! total money: 29951260
!!!!!!!!!!!!!! zhuang times: 1375
!!!!!!!!!!!!!! xian times: 1341
!!!!!!!!!!!!!! earned money: -48740

!!!!!!!!!!!!!! total money: 30510510
!!!!!!!!!!!!!! zhuang times: 1391
!!!!!!!!!!!!!! xian times: 1300
!!!!!!!!!!!!!! earned money: 510510

!!!!!!!!!!!!!! total money: 30195710
!!!!!!!!!!!!!! zhuang times: 1385
!!!!!!!!!!!!!! xian times: 1326
!!!!!!!!!!!!!! earned money: 195710

!!!!!!!!!!!!!! total money: 30533460
!!!!!!!!!!!!!! zhuang times: 1415
!!!!!!!!!!!!!! xian times: 1321
!!!!!!!!!!!!!! earned money: 533460

!!!!!!!!!!!!!! total money: 30595880
!!!!!!!!!!!!!! zhuang times: 1404
!!!!!!!!!!!!!! xian times: 1304
!!!!!!!!!!!!!! earned money: 595880

!!!!!!!!!!!!!! total money: 29785370
!!!!!!!!!!!!!! zhuang times: 1367
!!!!!!!!!!!!!! xian times: 1350
!!!!!!!!!!!!!! earned money: -214630

!!!!!!!!!!!!!! total money: 30942680
!!!!!!!!!!!!!! zhuang times: 1437
!!!!!!!!!!!!!! xian times: 1301
!!!!!!!!!!!!!! earned money: 942680

!!!!!!!!!!!!!! total money: 29941370
!!!!!!!!!!!!!! zhuang times: 1375
!!!!!!!!!!!!!! xian times: 1342
!!!!!!!!!!!!!! earned money: -58630

!!!!!!!!!!!!!! total money: 30819430
!!!!!!!!!!!!!! zhuang times: 1418
!!!!!!!!!!!!!! xian times: 1295
!!!!!!!!!!!!!! earned money: 819430

!!!!!!!!!!!!!! total money: 30126760
!!!!!!!!!!!!!! zhuang times: 1384
!!!!!!!!!!!!!! xian times: 1332
!!!!!!!!!!!!!! earned money: 126760

!!!!!!!!!!!!!! total money: 30156150
!!!!!!!!!!!!!! zhuang times: 1385
!!!!!!!!!!!!!! xian times: 1330
!!!!!!!!!!!!!! earned money: 156150

!!!!!!!!!!!!!! total money: 29979530
!!!!!!!!!!!!!! zhuang times: 1380
!!!!!!!!!!!!!! xian times: 1343
!!!!!!!!!!!!!! earned money: -20470

!!!!!!!!!!!!!! total money: 29796940
!!!!!!!!!!!!!! zhuang times: 1361
!!!!!!!!!!!!!! xian times: 1343
!!!!!!!!!!!!!! earned money: -203060

!!!!!!!!!!!!!! total money: 29776320
!!!!!!!!!!!!!! zhuang times: 1364
!!!!!!!!!!!!!! xian times: 1348
!!!!!!!!!!!!!! earned money: -223680

!!!!!!!!!!!!!! total money: 30145420
!!!!!!!!!!!!!! zhuang times: 1388
!!!!!!!!!!!!!! xian times: 1334
!!!!!!!!!!!!!! earned money: 145420

!!!!!!!!!!!!!! total money: 29816160
!!!!!!!!!!!!!! zhuang times: 1363
!!!!!!!!!!!!!! xian times: 1343
!!!!!!!!!!!!!! earned money: -183840

!!!!!!!!!!!!!! total money: 29268760
!!!!!!!!!!!!!! zhuang times: 1340
!!!!!!!!!!!!!! xian times: 1376
!!!!!!!!!!!!!! earned money: -731240

!!!!!!!!!!!!!! total money: 29813360
!!!!!!!!!!!!!! zhuang times: 1373
!!!!!!!!!!!!!! xian times: 1353
!!!!!!!!!!!!!! earned money: -186640

!!!!!!!!!!!!!! total money: 30028700
!!!!!!!!!!!!!! zhuang times: 1381
!!!!!!!!!!!!!! xian times: 1339
!!!!!!!!!!!!!! earned money: 28700

!!!!!!!!!!!!!! total money: 30886980
!!!!!!!!!!!!!! zhuang times: 1424
!!!!!!!!!!!!!! xian times: 1294
!!!!!!!!!!!!!! earned money: 886980

!!!!!!!!!!!!!! total money: 29729110
!!!!!!!!!!!!!! zhuang times: 1356
!!!!!!!!!!!!!! xian times: 1345
!!!!!!!!!!!!!! earned money: -270890

!!!!!!!!!!!!!! total money: 30134410
!!!!!!!!!!!!!! zhuang times: 1392
!!!!!!!!!!!!!! xian times: 1339
!!!!!!!!!!!!!! earned money: 134410

!!!!!!!!!!!!!! total money: 28969450
!!!!!!!!!!!!!! zhuang times: 1314
!!!!!!!!!!!!!! xian times: 1381
!!!!!!!!!!!!!! earned money: -1030550

!!!!!!!!!!!!!! total money: 30738630
!!!!!!!!!!!!!! zhuang times: 1424
!!!!!!!!!!!!!! xian times: 1309
!!!!!!!!!!!!!! earned money: 738630

!!!!!!!!!!!!!! total money: 29815320
!!!!!!!!!!!!!! zhuang times: 1366
!!!!!!!!!!!!!! xian times: 1346
!!!!!!!!!!!!!! earned money: -184680

!!!!!!!!!!!!!! total money: 29366260
!!!!!!!!!!!!!! zhuang times: 1345
!!!!!!!!!!!!!! xian times: 1371
!!!!!!!!!!!!!! earned money: -633740

!!!!!!!!!!!!!! total money: 31197020
!!!!!!!!!!!!!! zhuang times: 1447
!!!!!!!!!!!!!! xian times: 1285
!!!!!!!!!!!!!! earned money: 1197020

!!!!!!!!!!!!!! total money: 30234430
!!!!!!!!!!!!!! zhuang times: 1388
!!!!!!!!!!!!!! xian times: 1325
!!!!!!!!!!!!!! earned money: 234430

!!!!!!!!!!!!!! total money: 29463760
!!!!!!!!!!!!!! zhuang times: 1350
!!!!!!!!!!!!!! xian times: 1366
!!!!!!!!!!!!!! earned money: -536240

!!!!!!!!!!!!!! total money: 30078430
!!!!!!!!!!!!!! zhuang times: 1380
!!!!!!!!!!!!!! xian times: 1333
!!!!!!!!!!!!!! earned money: 78430

!!!!!!!!!!!!!! total money: 29551090
!!!!!!!!!!!!!! zhuang times: 1356
!!!!!!!!!!!!!! xian times: 1363
!!!!!!!!!!!!!! earned money: -448910

!!!!!!!!!!!!!! total money: 29675180
!!!!!!!!!!!!!! zhuang times: 1372
!!!!!!!!!!!!!! xian times: 1366
!!!!!!!!!!!!!! earned money: -324820

!!!!!!!!!!!!!! total money: 29650830
!!!!!!!!!!!!!! zhuang times: 1353
!!!!!!!!!!!!!! xian times: 1350
!!!!!!!!!!!!!! earned money: -349170

!!!!!!!!!!!!!! total money: 30355070
!!!!!!!!!!!!!! zhuang times: 1381
!!!!!!!!!!!!!! xian times: 1306
!!!!!!!!!!!!!! earned money: 355070

!!!!!!!!!!!!!! total money: 30029540
!!!!!!!!!!!!!! zhuang times: 1378
!!!!!!!!!!!!!! xian times: 1336
!!!!!!!!!!!!!! earned money: 29540

!!!!!!!!!!!!!! total money: 30503230
!!!!!!!!!!!!!! zhuang times: 1417
!!!!!!!!!!!!!! xian times: 1326
!!!!!!!!!!!!!! earned money: 503230

!!!!!!!!!!!!!! total money: 29784810
!!!!!!!!!!!!!! zhuang times: 1369
!!!!!!!!!!!!!! xian times: 1352
!!!!!!!!!!!!!! earned money: -215190

!!!!!!!!!!!!!! total money: 29977850
!!!!!!!!!!!!!! zhuang times: 1386
!!!!!!!!!!!!!! xian times: 1349
!!!!!!!!!!!!!! earned money: -22150

!!!!!!!!!!!!!! total money: 30212690
!!!!!!!!!!!!!! zhuang times: 1395
!!!!!!!!!!!!!! xian times: 1334
!!!!!!!!!!!!!! earned money: 212690

!!!!!!!!!!!!!! total money: 29427280
!!!!!!!!!!!!!! zhuang times: 1339
!!!!!!!!!!!!!! xian times: 1359
!!!!!!!!!!!!!! earned money: -572720

!!!!!!!!!!!!!! total money: 30655220
!!!!!!!!!!!!!! zhuang times: 1404
!!!!!!!!!!!!!! xian times: 1298
!!!!!!!!!!!!!! earned money: 655220

!!!!!!!!!!!!!! total money: 30292370
!!!!!!!!!!!!!! zhuang times: 1393
!!!!!!!!!!!!!! xian times: 1324
!!!!!!!!!!!!!! earned money: 292370

!!!!!!!!!!!!!! total money: 30673040
!!!!!!!!!!!!!! zhuang times: 1411
!!!!!!!!!!!!!! xian times: 1303
!!!!!!!!!!!!!! earned money: 673040

!!!!!!!!!!!!!! total money: 29716420
!!!!!!!!!!!!!! zhuang times: 1366
!!!!!!!!!!!!!! xian times: 1356
!!!!!!!!!!!!!! earned money: -283580

!!!!!!!!!!!!!! total money: 29927000
!!!!!!!!!!!!!! zhuang times: 1391
!!!!!!!!!!!!!! xian times: 1359
!!!!!!!!!!!!!! earned money: -73000

!!!!!!!!!!!!!! total money: 29765030
!!!!!!!!!!!!!! zhuang times: 1369
!!!!!!!!!!!!!! xian times: 1354
!!!!!!!!!!!!!! earned money: -234970

!!!!!!!!!!!!!! total money: 30534580
!!!!!!!!!!!!!! zhuang times: 1411
!!!!!!!!!!!!!! xian times: 1317
!!!!!!!!!!!!!! earned money: 534580

!!!!!!!!!!!!!! total money: 29098950
!!!!!!!!!!!!!! zhuang times: 1346
!!!!!!!!!!!!!! xian times: 1399
!!!!!!!!!!!!!! earned money: -901050

!!!!!!!!!!!!!! total money: 29688710
!!!!!!!!!!!!!! zhuang times: 1359
!!!!!!!!!!!!!! xian times: 1352
!!!!!!!!!!!!!! earned money: -311290

!!!!!!!!!!!!!! total money: 30284720
!!!!!!!!!!!!!! zhuang times: 1385
!!!!!!!!!!!!!! xian times: 1317
!!!!!!!!!!!!!! earned money: 284720

!!!!!!!!!!!!!! total money: 29757940
!!!!!!!!!!!!!! zhuang times: 1359
!!!!!!!!!!!!!! xian times: 1345
!!!!!!!!!!!!!! earned money: -242060

!!!!!!!!!!!!!! total money: 30134690
!!!!!!!!!!!!!! zhuang times: 1391
!!!!!!!!!!!!!! xian times: 1338
!!!!!!!!!!!!!! earned money: 134690

!!!!!!!!!!!!!! total money: 30285000
!!!!!!!!!!!!!! zhuang times: 1384
!!!!!!!!!!!!!! xian times: 1316
!!!!!!!!!!!!!! earned money: 285000

!!!!!!!!!!!!!! total money: 30283880
!!!!!!!!!!!!!! zhuang times: 1388
!!!!!!!!!!!!!! xian times: 1320
!!!!!!!!!!!!!! earned money: 283880

